Using pre-set license
Built from '2021.3/staging' branch; Version is '2021.3.3f1 (af2e63e8f9bd) revision 11480675'; Using compiler version '192829333'; Build Type 'Release'
OS: 'Windows 10  (10.0.19044) 64bit Professional' Language: 'de' Physical Memory: 32716 MB
BatchMode: 1, IsHumanControllingUs: 0, StartBugReporterOnCrash: 0, Is64bit: 1, IsPro: 1

COMMAND LINE ARGUMENTS:
C:\Program Files\Unity\Hub\Editor\2021.3.3f1\Editor\Unity.exe
-adb2
-batchMode
-noUpm
-name
AssetImportWorker1
-projectPath
C:/Projekte/schiffai
-logFile
Logs/AssetImportWorker1.log
-srvPort
52962
Successfully changed project path to: C:/Projekte/schiffai
C:/Projekte/schiffai
[UnityMemory] Configuration Parameters - Can be set up in boot.config
    "memorysetup-bucket-allocator-granularity=16"
    "memorysetup-bucket-allocator-bucket-count=8"
    "memorysetup-bucket-allocator-block-size=33554432"
    "memorysetup-bucket-allocator-block-count=8"
    "memorysetup-main-allocator-block-size=16777216"
    "memorysetup-thread-allocator-block-size=16777216"
    "memorysetup-gfx-main-allocator-block-size=16777216"
    "memorysetup-gfx-thread-allocator-block-size=16777216"
    "memorysetup-cache-allocator-block-size=4194304"
    "memorysetup-typetree-allocator-block-size=2097152"
    "memorysetup-profiler-bucket-allocator-granularity=16"
    "memorysetup-profiler-bucket-allocator-bucket-count=8"
    "memorysetup-profiler-bucket-allocator-block-size=33554432"
    "memorysetup-profiler-bucket-allocator-block-count=8"
    "memorysetup-profiler-allocator-block-size=16777216"
    "memorysetup-profiler-editor-allocator-block-size=1048576"
    "memorysetup-temp-allocator-size-main=16777216"
    "memorysetup-job-temp-allocator-block-size=2097152"
    "memorysetup-job-temp-allocator-block-size-background=1048576"
    "memorysetup-job-temp-allocator-reduction-small-platforms=262144"
    "memorysetup-temp-allocator-size-background-worker=32768"
    "memorysetup-temp-allocator-size-job-worker=262144"
    "memorysetup-temp-allocator-size-preload-manager=33554432"
    "memorysetup-temp-allocator-size-nav-mesh-worker=65536"
    "memorysetup-temp-allocator-size-audio-worker=65536"
    "memorysetup-temp-allocator-size-cloud-worker=32768"
    "memorysetup-temp-allocator-size-gi-baking-worker=262144"
    "memorysetup-temp-allocator-size-gfx=262144"
Refreshing native plugins compatible for Editor in 66.92 ms, found 2 plugins.
Preloading 0 native plugins for Editor in 0.00 ms.
Initialize engine version: 2021.3.3f1 (af2e63e8f9bd)
[Subsystems] Discovering subsystems at path C:/Program Files/Unity/Hub/Editor/2021.3.3f1/Editor/Data/Resources/UnitySubsystems
[Subsystems] Discovering subsystems at path C:/Projekte/schiffai/Assets
GfxDevice: creating device client; threaded=0; jobified=0
Direct3D:
    Version:  Direct3D 11.0 [level 11.1]
    Renderer: NVIDIA GeForce RTX 2070 SUPER (ID=0x1e84)
    Vendor:   NVIDIA
    VRAM:     8011 MB
    Driver:   30.0.14.7212
Initialize mono
Mono path[0] = 'C:/Program Files/Unity/Hub/Editor/2021.3.3f1/Editor/Data/Managed'
Mono path[1] = 'C:/Program Files/Unity/Hub/Editor/2021.3.3f1/Editor/Data/MonoBleedingEdge/lib/mono/unityjit-win32'
Mono config path = 'C:/Program Files/Unity/Hub/Editor/2021.3.3f1/Editor/Data/MonoBleedingEdge/etc'
Using monoOptions --debugger-agent=transport=dt_socket,embedding=1,server=y,suspend=n,address=127.0.0.1:56408
Begin MonoManager ReloadAssembly
Registering precompiled unity dll's ...
Register platform support module: C:/Program Files/Unity/Hub/Editor/2021.3.3f1/Editor/Data/PlaybackEngines/WebGLSupport/UnityEditor.WebGL.Extensions.dll
Register platform support module: C:/Program Files/Unity/Hub/Editor/2021.3.3f1/Editor/Data/PlaybackEngines/WindowsStandaloneSupport/UnityEditor.WindowsStandalone.Extensions.dll
Registered in 0.008966 seconds.
Native extension for WindowsStandalone target not found
Native extension for WebGL target not found
Refreshing native plugins compatible for Editor in 70.92 ms, found 2 plugins.
Preloading 0 native plugins for Editor in 0.00 ms.
Mono: successfully reloaded assembly
- Completed reload, in  0.611 seconds
Domain Reload Profiling:
	ReloadAssembly (612ms)
		BeginReloadAssembly (74ms)
			ExecutionOrderSort (0ms)
			DisableScriptedObjects (0ms)
			BackupInstance (0ms)
			ReleaseScriptingObjects (0ms)
			CreateAndSetChildDomain (1ms)
		EndReloadAssembly (427ms)
			LoadAssemblies (73ms)
			RebuildTransferFunctionScriptingTraits (0ms)
			SetupTypeCache (92ms)
			ReleaseScriptCaches (0ms)
			RebuildScriptCaches (35ms)
			SetupLoadedEditorAssemblies (251ms)
				LogAssemblyErrors (0ms)
				InitializePlatformSupportModulesInManaged (12ms)
				SetLoadedEditorAssemblies (0ms)
				RefreshPlugins (71ms)
				BeforeProcessingInitializeOnLoad (1ms)
				ProcessInitializeOnLoadAttributes (128ms)
				ProcessInitializeOnLoadMethodAttributes (39ms)
				AfterProcessingInitializeOnLoad (0ms)
				EditorAssembliesLoaded (0ms)
			ExecutionOrderSort2 (0ms)
			AwakeInstancesAfterBackupRestoration (0ms)
Platform modules already initialized, skipping
Registering precompiled user dll's ...
Registered in 0.006461 seconds.
Begin MonoManager ReloadAssembly
Native extension for WindowsStandalone target not found
Native extension for WebGL target not found
Refreshing native plugins compatible for Editor in 0.78 ms, found 2 plugins.
Preloading 0 native plugins for Editor in 0.00 ms.
Package Manager log level set to [2]
Mono: successfully reloaded assembly
- Completed reload, in  0.995 seconds
Domain Reload Profiling:
	ReloadAssembly (996ms)
		BeginReloadAssembly (100ms)
			ExecutionOrderSort (0ms)
			DisableScriptedObjects (5ms)
			BackupInstance (0ms)
			ReleaseScriptingObjects (0ms)
			CreateAndSetChildDomain (19ms)
		EndReloadAssembly (795ms)
			LoadAssemblies (72ms)
			RebuildTransferFunctionScriptingTraits (0ms)
			SetupTypeCache (184ms)
			ReleaseScriptCaches (1ms)
			RebuildScriptCaches (68ms)
			SetupLoadedEditorAssemblies (426ms)
				LogAssemblyErrors (0ms)
				InitializePlatformSupportModulesInManaged (7ms)
				SetLoadedEditorAssemblies (0ms)
				RefreshPlugins (1ms)
				BeforeProcessingInitializeOnLoad (76ms)
				ProcessInitializeOnLoadAttributes (204ms)
				ProcessInitializeOnLoadMethodAttributes (130ms)
				AfterProcessingInitializeOnLoad (8ms)
				EditorAssembliesLoaded (0ms)
			ExecutionOrderSort2 (0ms)
			AwakeInstancesAfterBackupRestoration (5ms)
Platform modules already initialized, skipping
========================================================================
Worker process is ready to serve import requests
Launched and connected shader compiler UnityShaderCompiler.exe after 0.05 seconds
Refreshing native plugins compatible for Editor in 1.25 ms, found 2 plugins.
Preloading 0 native plugins for Editor in 0.00 ms.
Unloading 2745 Unused Serialized files (Serialized files now loaded: 0)
Unloading 60 unused Assets / (414.4 KB). Loaded Objects now: 3184.
Memory consumption went from 120.1 MB to 119.7 MB.
Total: 10.987800 ms (FindLiveObjects: 0.444300 ms CreateObjectMapping: 0.128100 ms MarkObjects: 9.985800 ms  DeleteObjects: 0.427400 ms)

AssetImportParameters requested are different than current active one (requested -> active):
  custom:video-decoder-ogg-theora: a1e56fd34408186e4bbccfd4996cb3dc -> 
  custom:container-muxer-webm: aa71ff27fc2769a1b78a27578f13a17b -> 
  custom:container-demuxer-webm: 4f35f7cbe854078d1ac9338744f61a02 -> 
  custom:video-encoder-webm-vp8: eb34c28f22e8b96e1ab97ce403110664 -> 
  custom:audio-encoder-webm-vorbis: bf7c407c2cedff20999df2af8eb42d56 -> 
  custom:framework-win-MediaFoundation: 216162199b28c13a410421893ffa2e32 -> 
  custom:container-demuxer-ogg: 62fdf1f143b41e24485cea50d1cbac27 -> 
  custom:video-decoder-webm-vp8: 9c59270c3fd7afecdb556c50c9e8de78 -> 
  custom:audio-decoder-ogg-vorbis: bf7c407c2cedff20999df2af8eb42d56 -> 
========================================================================
Received Import Request.
  Time since last request: 1730432.372695 seconds.
  path: Assets/schiff/AuthorityDebug.prefab
  artifactKey: Guid(383a573833cc50c46b41626714a6d94e) Importer(815301076,1909f56bfc062723c751e8b465ee728b)
Start importing Assets/schiff/AuthorityDebug.prefab using Guid(383a573833cc50c46b41626714a6d94e) Importer(815301076,1909f56bfc062723c751e8b465ee728b)  -> (artifact id: '0f507117a5ea0a729d3ea8773d68b5b9') in 0.071733 seconds 
========================================================================
Received Prepare
Registering precompiled user dll's ...
Registered in 0.005281 seconds.
Begin MonoManager ReloadAssembly
Native extension for WindowsStandalone target not found
Native extension for WebGL target not found
Refreshing native plugins compatible for Editor in 0.77 ms, found 2 plugins.
Preloading 0 native plugins for Editor in 0.00 ms.
Mono: successfully reloaded assembly
- Completed reload, in  0.994 seconds
Domain Reload Profiling:
	ReloadAssembly (994ms)
		BeginReloadAssembly (125ms)
			ExecutionOrderSort (0ms)
			DisableScriptedObjects (6ms)
			BackupInstance (0ms)
			ReleaseScriptingObjects (0ms)
			CreateAndSetChildDomain (32ms)
		EndReloadAssembly (773ms)
			LoadAssemblies (78ms)
			RebuildTransferFunctionScriptingTraits (0ms)
			SetupTypeCache (165ms)
			ReleaseScriptCaches (1ms)
			RebuildScriptCaches (58ms)
			SetupLoadedEditorAssemblies (431ms)
				LogAssemblyErrors (0ms)
				InitializePlatformSupportModulesInManaged (13ms)
				SetLoadedEditorAssemblies (0ms)
				RefreshPlugins (1ms)
				BeforeProcessingInitializeOnLoad (79ms)
				ProcessInitializeOnLoadAttributes (199ms)
				ProcessInitializeOnLoadMethodAttributes (131ms)
				AfterProcessingInitializeOnLoad (8ms)
				EditorAssembliesLoaded (0ms)
			ExecutionOrderSort2 (0ms)
			AwakeInstancesAfterBackupRestoration (6ms)
Platform modules already initialized, skipping
Refreshing native plugins compatible for Editor in 6.49 ms, found 2 plugins.
Preloading 0 native plugins for Editor in 0.00 ms.
Unloading 2663 Unused Serialized files (Serialized files now loaded: 0)
Unloading 49 unused Assets / (382.2 KB). Loaded Objects now: 3187.
Memory consumption went from 112.3 MB to 111.9 MB.
Total: 7.079400 ms (FindLiveObjects: 0.232900 ms CreateObjectMapping: 0.062800 ms MarkObjects: 6.561600 ms  DeleteObjects: 0.220500 ms)

AssetImportParameters requested are different than current active one (requested -> active):
  custom:video-decoder-ogg-theora: a1e56fd34408186e4bbccfd4996cb3dc -> 
  custom:container-muxer-webm: aa71ff27fc2769a1b78a27578f13a17b -> 
  custom:container-demuxer-webm: 4f35f7cbe854078d1ac9338744f61a02 -> 
  custom:video-encoder-webm-vp8: eb34c28f22e8b96e1ab97ce403110664 -> 
  custom:audio-encoder-webm-vorbis: bf7c407c2cedff20999df2af8eb42d56 -> 
  custom:framework-win-MediaFoundation: 216162199b28c13a410421893ffa2e32 -> 
  custom:container-demuxer-ogg: 62fdf1f143b41e24485cea50d1cbac27 -> 
  custom:video-decoder-webm-vp8: 9c59270c3fd7afecdb556c50c9e8de78 -> 
  custom:audio-decoder-ogg-vorbis: bf7c407c2cedff20999df2af8eb42d56 -> 
========================================================================
Received Import Request.
  Time since last request: 103.507181 seconds.
  path: Assets/schiff/Fsm/Aim.asset
  artifactKey: Guid(4717c74b0e02aec428b942206f0ff32e) Importer(815301076,1909f56bfc062723c751e8b465ee728b)
Start importing Assets/schiff/Fsm/Aim.asset using Guid(4717c74b0e02aec428b942206f0ff32e) Importer(815301076,1909f56bfc062723c751e8b465ee728b)  -> (artifact id: 'a6f4aa8de9d6ce87da919ffc50d4850f') in 0.018810 seconds 
========================================================================
Received Import Request.
  Time since last request: 0.001998 seconds.
  path: Assets/schiff/Fsm/Get Aim Target.asset
  artifactKey: Guid(6d6d0d51d4fe5064fa83dcbdc9dd81f6) Importer(815301076,1909f56bfc062723c751e8b465ee728b)
Start importing Assets/schiff/Fsm/Get Aim Target.asset using Guid(6d6d0d51d4fe5064fa83dcbdc9dd81f6) Importer(815301076,1909f56bfc062723c751e8b465ee728b)  -> (artifact id: 'c9f3c64b65e8c7bdf462d74baa08631e') in 0.008831 seconds 
========================================================================
Received Import Request.
  Time since last request: 0.003904 seconds.
  path: Assets/schiff/Fsm/Get Target Angle.asset
  artifactKey: Guid(b290c58d754c5bb4d95c802449419791) Importer(815301076,1909f56bfc062723c751e8b465ee728b)
Start importing Assets/schiff/Fsm/Get Target Angle.asset using Guid(b290c58d754c5bb4d95c802449419791) Importer(815301076,1909f56bfc062723c751e8b465ee728b)  -> (artifact id: '8ba5e5a98d93c569814a16172c53076d') in 0.009938 seconds 
========================================================================
Received Import Request.
  Time since last request: 0.001001 seconds.
  path: Assets/schiff/Fsm/Perception.asset
  artifactKey: Guid(4885d9d6c7d23184c838410e8690f482) Importer(815301076,1909f56bfc062723c751e8b465ee728b)
Start importing Assets/schiff/Fsm/Perception.asset using Guid(4885d9d6c7d23184c838410e8690f482) Importer(815301076,1909f56bfc062723c751e8b465ee728b)  -> (artifact id: '0b708f6126d482422ad9c2c2d5f28dc0') in 0.011109 seconds 
========================================================================
Received Import Request.
  Time since last request: 0.000017 seconds.
  path: Assets/schiff/Fsm/Timer.asset
  artifactKey: Guid(e3ca3733e1d530444b15d7d679ebb558) Importer(815301076,1909f56bfc062723c751e8b465ee728b)
Start importing Assets/schiff/Fsm/Timer.asset using Guid(e3ca3733e1d530444b15d7d679ebb558) Importer(815301076,1909f56bfc062723c751e8b465ee728b)  -> (artifact id: 'ee242f32ce34c57a4483f8c8310f58fe') in 0.008876 seconds 
========================================================================
Received Import Request.
  Time since last request: 0.000024 seconds.
  path: Assets/schiff/Fsm/Select Object In Focus.asset
  artifactKey: Guid(7ab2edaa9f64f2c4e99e9a664ab1bfed) Importer(815301076,1909f56bfc062723c751e8b465ee728b)
Start importing Assets/schiff/Fsm/Select Object In Focus.asset using Guid(7ab2edaa9f64f2c4e99e9a664ab1bfed) Importer(815301076,1909f56bfc062723c751e8b465ee728b)  -> (artifact id: '65e910f8032414fbb45a37f581feffdc') in 0.009468 seconds 
========================================================================
Received Import Request.
  Time since last request: 0.000026 seconds.
  path: Assets/schiff/Fsm/Path Select.asset
  artifactKey: Guid(140c069147a83d64b949b9c13b28c8cc) Importer(815301076,1909f56bfc062723c751e8b465ee728b)
Start importing Assets/schiff/Fsm/Path Select.asset using Guid(140c069147a83d64b949b9c13b28c8cc) Importer(815301076,1909f56bfc062723c751e8b465ee728b)  -> (artifact id: '6bbdadb69f926bae0ab1f958bf263732') in 0.009951 seconds 
========================================================================
Received Import Request.
  Time since last request: 0.000021 seconds.
  path: Assets/schiff/Fsm/Select Grabbed Object.asset
  artifactKey: Guid(2b2f9bb42c3e09043aee29b197bb1c5a) Importer(815301076,1909f56bfc062723c751e8b465ee728b)
Start importing Assets/schiff/Fsm/Select Grabbed Object.asset using Guid(2b2f9bb42c3e09043aee29b197bb1c5a) Importer(815301076,1909f56bfc062723c751e8b465ee728b)  -> (artifact id: '9840598b79d9d7d11b9f98b00d960ddd') in 0.008861 seconds 
========================================================================
Received Import Request.
  Time since last request: 0.000022 seconds.
  path: Assets/schiff/Fsm/Fire Pistol.asset
  artifactKey: Guid(c6e9f8c6a060ab44cbfe27be172eb392) Importer(815301076,1909f56bfc062723c751e8b465ee728b)
Start importing Assets/schiff/Fsm/Fire Pistol.asset using Guid(c6e9f8c6a060ab44cbfe27be172eb392) Importer(815301076,1909f56bfc062723c751e8b465ee728b)  -> (artifact id: '385bf014a6a96d7358b16670654e9a73') in 0.009182 seconds 
Editor requested this worker to shutdown with reason: Scaling down because of idle timeout
AssetImportWorker is now disconnected from the server
Process exiting
Exiting without the bug reporter. Application will terminate with return code 0