Using pre-set license
Built from '2021.3/staging' branch; Version is '2021.3.3f1 (af2e63e8f9bd) revision 11480675'; Using compiler version '192829333'; Build Type 'Release'
OS: 'Windows 10  (10.0.19044) 64bit Professional' Language: 'de' Physical Memory: 32716 MB
BatchMode: 1, IsHumanControllingUs: 0, StartBugReporterOnCrash: 0, Is64bit: 1, IsPro: 1

COMMAND LINE ARGUMENTS:
C:\Program Files\Unity\Hub\Editor\2021.3.3f1\Editor\Unity.exe
-adb2
-batchMode
-noUpm
-name
AssetImportWorker0
-projectPath
C:/Projekte/schiffai
-logFile
Logs/AssetImportWorker0.log
-srvPort
52962
Successfully changed project path to: C:/Projekte/schiffai
C:/Projekte/schiffai
[UnityMemory] Configuration Parameters - Can be set up in boot.config
    "memorysetup-bucket-allocator-granularity=16"
    "memorysetup-bucket-allocator-bucket-count=8"
    "memorysetup-bucket-allocator-block-size=33554432"
    "memorysetup-bucket-allocator-block-count=8"
    "memorysetup-main-allocator-block-size=16777216"
    "memorysetup-thread-allocator-block-size=16777216"
    "memorysetup-gfx-main-allocator-block-size=16777216"
    "memorysetup-gfx-thread-allocator-block-size=16777216"
    "memorysetup-cache-allocator-block-size=4194304"
    "memorysetup-typetree-allocator-block-size=2097152"
    "memorysetup-profiler-bucket-allocator-granularity=16"
    "memorysetup-profiler-bucket-allocator-bucket-count=8"
    "memorysetup-profiler-bucket-allocator-block-size=33554432"
    "memorysetup-profiler-bucket-allocator-block-count=8"
    "memorysetup-profiler-allocator-block-size=16777216"
    "memorysetup-profiler-editor-allocator-block-size=1048576"
    "memorysetup-temp-allocator-size-main=16777216"
    "memorysetup-job-temp-allocator-block-size=2097152"
    "memorysetup-job-temp-allocator-block-size-background=1048576"
    "memorysetup-job-temp-allocator-reduction-small-platforms=262144"
    "memorysetup-temp-allocator-size-background-worker=32768"
    "memorysetup-temp-allocator-size-job-worker=262144"
    "memorysetup-temp-allocator-size-preload-manager=33554432"
    "memorysetup-temp-allocator-size-nav-mesh-worker=65536"
    "memorysetup-temp-allocator-size-audio-worker=65536"
    "memorysetup-temp-allocator-size-cloud-worker=32768"
    "memorysetup-temp-allocator-size-gi-baking-worker=262144"
    "memorysetup-temp-allocator-size-gfx=262144"
Refreshing native plugins compatible for Editor in 66.58 ms, found 2 plugins.
Preloading 0 native plugins for Editor in 0.00 ms.
Initialize engine version: 2021.3.3f1 (af2e63e8f9bd)
[Subsystems] Discovering subsystems at path C:/Program Files/Unity/Hub/Editor/2021.3.3f1/Editor/Data/Resources/UnitySubsystems
[Subsystems] Discovering subsystems at path C:/Projekte/schiffai/Assets
GfxDevice: creating device client; threaded=0; jobified=0
Direct3D:
    Version:  Direct3D 11.0 [level 11.1]
    Renderer: NVIDIA GeForce RTX 2070 SUPER (ID=0x1e84)
    Vendor:   NVIDIA
    VRAM:     8011 MB
    Driver:   30.0.14.7212
Initialize mono
Mono path[0] = 'C:/Program Files/Unity/Hub/Editor/2021.3.3f1/Editor/Data/Managed'
Mono path[1] = 'C:/Program Files/Unity/Hub/Editor/2021.3.3f1/Editor/Data/MonoBleedingEdge/lib/mono/unityjit-win32'
Mono config path = 'C:/Program Files/Unity/Hub/Editor/2021.3.3f1/Editor/Data/MonoBleedingEdge/etc'
Using monoOptions --debugger-agent=transport=dt_socket,embedding=1,server=y,suspend=n,address=127.0.0.1:56520
Begin MonoManager ReloadAssembly
Registering precompiled unity dll's ...
Register platform support module: C:/Program Files/Unity/Hub/Editor/2021.3.3f1/Editor/Data/PlaybackEngines/WebGLSupport/UnityEditor.WebGL.Extensions.dll
Register platform support module: C:/Program Files/Unity/Hub/Editor/2021.3.3f1/Editor/Data/PlaybackEngines/WindowsStandaloneSupport/UnityEditor.WindowsStandalone.Extensions.dll
Registered in 0.008329 seconds.
Native extension for WindowsStandalone target not found
Native extension for WebGL target not found
Refreshing native plugins compatible for Editor in 71.36 ms, found 2 plugins.
Preloading 0 native plugins for Editor in 0.00 ms.
Mono: successfully reloaded assembly
- Completed reload, in  0.608 seconds
Domain Reload Profiling:
	ReloadAssembly (609ms)
		BeginReloadAssembly (71ms)
			ExecutionOrderSort (0ms)
			DisableScriptedObjects (0ms)
			BackupInstance (0ms)
			ReleaseScriptingObjects (0ms)
			CreateAndSetChildDomain (1ms)
		EndReloadAssembly (429ms)
			LoadAssemblies (70ms)
			RebuildTransferFunctionScriptingTraits (0ms)
			SetupTypeCache (96ms)
			ReleaseScriptCaches (0ms)
			RebuildScriptCaches (33ms)
			SetupLoadedEditorAssemblies (252ms)
				LogAssemblyErrors (0ms)
				InitializePlatformSupportModulesInManaged (11ms)
				SetLoadedEditorAssemblies (0ms)
				RefreshPlugins (71ms)
				BeforeProcessingInitializeOnLoad (1ms)
				ProcessInitializeOnLoadAttributes (127ms)
				ProcessInitializeOnLoadMethodAttributes (41ms)
				AfterProcessingInitializeOnLoad (0ms)
				EditorAssembliesLoaded (0ms)
			ExecutionOrderSort2 (0ms)
			AwakeInstancesAfterBackupRestoration (0ms)
Platform modules already initialized, skipping
Registering precompiled user dll's ...
Registered in 0.007134 seconds.
Begin MonoManager ReloadAssembly
Native extension for WindowsStandalone target not found
Native extension for WebGL target not found
Refreshing native plugins compatible for Editor in 0.76 ms, found 2 plugins.
Preloading 0 native plugins for Editor in 0.00 ms.
Package Manager log level set to [2]
Mono: successfully reloaded assembly
- Completed reload, in  1.004 seconds
Domain Reload Profiling:
	ReloadAssembly (1005ms)
		BeginReloadAssembly (116ms)
			ExecutionOrderSort (0ms)
			DisableScriptedObjects (6ms)
			BackupInstance (0ms)
			ReleaseScriptingObjects (0ms)
			CreateAndSetChildDomain (19ms)
		EndReloadAssembly (786ms)
			LoadAssemblies (72ms)
			RebuildTransferFunctionScriptingTraits (0ms)
			SetupTypeCache (175ms)
			ReleaseScriptCaches (1ms)
			RebuildScriptCaches (55ms)
			SetupLoadedEditorAssemblies (447ms)
				LogAssemblyErrors (0ms)
				InitializePlatformSupportModulesInManaged (7ms)
				SetLoadedEditorAssemblies (0ms)
				RefreshPlugins (1ms)
				BeforeProcessingInitializeOnLoad (80ms)
				ProcessInitializeOnLoadAttributes (210ms)
				ProcessInitializeOnLoadMethodAttributes (137ms)
				AfterProcessingInitializeOnLoad (10ms)
				EditorAssembliesLoaded (0ms)
			ExecutionOrderSort2 (0ms)
			AwakeInstancesAfterBackupRestoration (5ms)
Platform modules already initialized, skipping
========================================================================
Worker process is ready to serve import requests
Launched and connected shader compiler UnityShaderCompiler.exe after 0.06 seconds
Refreshing native plugins compatible for Editor in 1.29 ms, found 2 plugins.
Preloading 0 native plugins for Editor in 0.00 ms.
Unloading 2745 Unused Serialized files (Serialized files now loaded: 0)
Unloading 60 unused Assets / (414.4 KB). Loaded Objects now: 3184.
Memory consumption went from 120.1 MB to 119.7 MB.
Total: 10.906700 ms (FindLiveObjects: 0.396200 ms CreateObjectMapping: 0.123100 ms MarkObjects: 9.971700 ms  DeleteObjects: 0.413800 ms)

AssetImportParameters requested are different than current active one (requested -> active):
  custom:video-decoder-ogg-theora: a1e56fd34408186e4bbccfd4996cb3dc -> 
  custom:container-muxer-webm: aa71ff27fc2769a1b78a27578f13a17b -> 
  custom:container-demuxer-webm: 4f35f7cbe854078d1ac9338744f61a02 -> 
  custom:video-encoder-webm-vp8: eb34c28f22e8b96e1ab97ce403110664 -> 
  custom:audio-encoder-webm-vorbis: bf7c407c2cedff20999df2af8eb42d56 -> 
  custom:framework-win-MediaFoundation: 216162199b28c13a410421893ffa2e32 -> 
  custom:container-demuxer-ogg: 62fdf1f143b41e24485cea50d1cbac27 -> 
  custom:video-decoder-webm-vp8: 9c59270c3fd7afecdb556c50c9e8de78 -> 
  custom:audio-decoder-ogg-vorbis: bf7c407c2cedff20999df2af8eb42d56 -> 
========================================================================
Received Import Request.
  Time since last request: 1730432.423352 seconds.
  path: Assets/schiff/inverse ramp.png
  artifactKey: Guid(c7a938c5d2b476f42b18912a2920d0d6) Importer(815301076,1909f56bfc062723c751e8b465ee728b)
Start importing Assets/schiff/inverse ramp.png using Guid(c7a938c5d2b476f42b18912a2920d0d6) Importer(815301076,1909f56bfc062723c751e8b465ee728b)  -> (artifact id: 'e7125cc296252731913b86c8a775f9cb') in 0.120194 seconds 
========================================================================
Received Import Request.
  Time since last request: 1.461289 seconds.
  path: Assets/schiff/AiTest.unity
  artifactKey: Guid(cd28038f8b2a3474794c7680c11457ae) Importer(815301076,1909f56bfc062723c751e8b465ee728b)
Start importing Assets/schiff/AiTest.unity using Guid(cd28038f8b2a3474794c7680c11457ae) Importer(815301076,1909f56bfc062723c751e8b465ee728b)  -> (artifact id: 'a397fedc00f9ecfac34c81597edbef4d') in 0.006093 seconds 
========================================================================
Received Prepare
Registering precompiled user dll's ...
Registered in 0.005084 seconds.
Begin MonoManager ReloadAssembly
Native extension for WindowsStandalone target not found
Native extension for WebGL target not found
Refreshing native plugins compatible for Editor in 0.89 ms, found 2 plugins.
Preloading 0 native plugins for Editor in 0.00 ms.
Mono: successfully reloaded assembly
- Completed reload, in  1.019 seconds
Domain Reload Profiling:
	ReloadAssembly (1019ms)
		BeginReloadAssembly (123ms)
			ExecutionOrderSort (0ms)
			DisableScriptedObjects (7ms)
			BackupInstance (0ms)
			ReleaseScriptingObjects (0ms)
			CreateAndSetChildDomain (32ms)
		EndReloadAssembly (805ms)
			LoadAssemblies (78ms)
			RebuildTransferFunctionScriptingTraits (0ms)
			SetupTypeCache (178ms)
			ReleaseScriptCaches (2ms)
			RebuildScriptCaches (58ms)
			SetupLoadedEditorAssemblies (447ms)
				LogAssemblyErrors (0ms)
				InitializePlatformSupportModulesInManaged (13ms)
				SetLoadedEditorAssemblies (0ms)
				RefreshPlugins (1ms)
				BeforeProcessingInitializeOnLoad (81ms)
				ProcessInitializeOnLoadAttributes (195ms)
				ProcessInitializeOnLoadMethodAttributes (148ms)
				AfterProcessingInitializeOnLoad (9ms)
				EditorAssembliesLoaded (0ms)
			ExecutionOrderSort2 (0ms)
			AwakeInstancesAfterBackupRestoration (5ms)
Platform modules already initialized, skipping
Refreshing native plugins compatible for Editor in 4.56 ms, found 2 plugins.
Preloading 0 native plugins for Editor in 0.00 ms.
Unloading 2663 Unused Serialized files (Serialized files now loaded: 0)
Unloading 49 unused Assets / (382.3 KB). Loaded Objects now: 3189.
Memory consumption went from 112.3 MB to 111.9 MB.
Total: 7.268600 ms (FindLiveObjects: 0.238200 ms CreateObjectMapping: 0.074000 ms MarkObjects: 6.698800 ms  DeleteObjects: 0.255900 ms)

AssetImportParameters requested are different than current active one (requested -> active):
  custom:video-decoder-ogg-theora: a1e56fd34408186e4bbccfd4996cb3dc -> 
  custom:container-muxer-webm: aa71ff27fc2769a1b78a27578f13a17b -> 
  custom:container-demuxer-webm: 4f35f7cbe854078d1ac9338744f61a02 -> 
  custom:video-encoder-webm-vp8: eb34c28f22e8b96e1ab97ce403110664 -> 
  custom:audio-encoder-webm-vorbis: bf7c407c2cedff20999df2af8eb42d56 -> 
  custom:framework-win-MediaFoundation: 216162199b28c13a410421893ffa2e32 -> 
  custom:container-demuxer-ogg: 62fdf1f143b41e24485cea50d1cbac27 -> 
  custom:video-decoder-webm-vp8: 9c59270c3fd7afecdb556c50c9e8de78 -> 
  custom:audio-decoder-ogg-vorbis: bf7c407c2cedff20999df2af8eb42d56 -> 
========================================================================
Received Import Request.
  Time since last request: 97.888111 seconds.
  path: Assets/schiff/AiTest
  artifactKey: Guid(3491d18ef5cb3274cb4de779f9e3cfa2) Importer(815301076,1909f56bfc062723c751e8b465ee728b)
Start importing Assets/schiff/AiTest using Guid(3491d18ef5cb3274cb4de779f9e3cfa2) Importer(815301076,1909f56bfc062723c751e8b465ee728b)  -> (artifact id: '4ad52f491e2ae9eb2651aad28bf26230') in 0.010972 seconds 
========================================================================
Received Import Request.
  Time since last request: 0.038911 seconds.
  path: Assets/schiff/AiTest/NavMesh.asset
  artifactKey: Guid(409cc9fe72a7a834c851945e7365ab5c) Importer(815301076,1909f56bfc062723c751e8b465ee728b)
Start importing Assets/schiff/AiTest/NavMesh.asset using Guid(409cc9fe72a7a834c851945e7365ab5c) Importer(815301076,1909f56bfc062723c751e8b465ee728b)  -> (artifact id: '09b1ff553f75e24632683572b5e53bd4') in 0.021852 seconds 
========================================================================
Received Import Request.
  Time since last request: 3.967541 seconds.
  path: Assets/schiff/Fsm/AI Spawn.asset
  artifactKey: Guid(64a8917c727674849ad00554876d0116) Importer(815301076,1909f56bfc062723c751e8b465ee728b)
Start importing Assets/schiff/Fsm/AI Spawn.asset using Guid(64a8917c727674849ad00554876d0116) Importer(815301076,1909f56bfc062723c751e8b465ee728b)  -> (artifact id: 'cc39a41aab4eb607f70420a7cdd75586') in 0.006884 seconds 
========================================================================
Received Import Request.
  Time since last request: 0.001859 seconds.
  path: Assets/schiff/Fsm/Filter List By Type.asset
  artifactKey: Guid(165c3cc4ac3c0d2469d598d23abf499b) Importer(815301076,1909f56bfc062723c751e8b465ee728b)
Start importing Assets/schiff/Fsm/Filter List By Type.asset using Guid(165c3cc4ac3c0d2469d598d23abf499b) Importer(815301076,1909f56bfc062723c751e8b465ee728b)  -> (artifact id: 'ad7c8e9709f544a9a2fa76bc000a0c1f') in 0.008134 seconds 
========================================================================
Received Import Request.
  Time since last request: 0.001563 seconds.
  path: Assets/schiff/Fsm/Find Nearest Object.asset
  artifactKey: Guid(9301f6ef8235ea641a64b823fcaf2a42) Importer(815301076,1909f56bfc062723c751e8b465ee728b)
Start importing Assets/schiff/Fsm/Find Nearest Object.asset using Guid(9301f6ef8235ea641a64b823fcaf2a42) Importer(815301076,1909f56bfc062723c751e8b465ee728b)  -> (artifact id: '236b1eb258660c1a28acfcc81e5415ab') in 0.008822 seconds 
========================================================================
Received Import Request.
  Time since last request: 0.003873 seconds.
  path: Assets/schiff/Fsm/Movement.asset
  artifactKey: Guid(e25105c78cc2a2b47863dafa7a2852a3) Importer(815301076,1909f56bfc062723c751e8b465ee728b)
Start importing Assets/schiff/Fsm/Movement.asset using Guid(e25105c78cc2a2b47863dafa7a2852a3) Importer(815301076,1909f56bfc062723c751e8b465ee728b)  -> (artifact id: 'b40b8a940b6d2abdc4c7e22effab91f7') in 0.011258 seconds 
========================================================================
Received Import Request.
  Time since last request: 0.000024 seconds.
  path: Assets/schiff/Fsm/Raycast Visible Object.asset
  artifactKey: Guid(5fcbb7e74b0185249b435ecc57162f6c) Importer(815301076,1909f56bfc062723c751e8b465ee728b)
Start importing Assets/schiff/Fsm/Raycast Visible Object.asset using Guid(5fcbb7e74b0185249b435ecc57162f6c) Importer(815301076,1909f56bfc062723c751e8b465ee728b)  -> (artifact id: '50e71d116f43da64bbdc7b973f4008e5') in 0.011557 seconds 
========================================================================
Received Import Request.
  Time since last request: 0.000027 seconds.
  path: Assets/schiff/Fsm/Walk Towards.asset
  artifactKey: Guid(242b6978d242fd140ae2eb45f7fcac7f) Importer(815301076,1909f56bfc062723c751e8b465ee728b)
Start importing Assets/schiff/Fsm/Walk Towards.asset using Guid(242b6978d242fd140ae2eb45f7fcac7f) Importer(815301076,1909f56bfc062723c751e8b465ee728b)  -> (artifact id: '5727426fcd21550ccd1ffe1b85947349') in 0.008634 seconds 
========================================================================
Received Import Request.
  Time since last request: 0.000019 seconds.
  path: Assets/schiff/Fsm/Find Visible Objects.asset
  artifactKey: Guid(f19b88f600a8df14585f45831a03e7c9) Importer(815301076,1909f56bfc062723c751e8b465ee728b)
Start importing Assets/schiff/Fsm/Find Visible Objects.asset using Guid(f19b88f600a8df14585f45831a03e7c9) Importer(815301076,1909f56bfc062723c751e8b465ee728b)  -> (artifact id: 'c06050f1b2104b59c9e02fe6e35b1797') in 0.009287 seconds 
========================================================================
Received Import Request.
  Time since last request: 0.000029 seconds.
  path: Assets/schiff/Fsm/Compare HomeShip.asset
  artifactKey: Guid(65e7b5cbebbde7a428996be8f22dc319) Importer(815301076,1909f56bfc062723c751e8b465ee728b)
Start importing Assets/schiff/Fsm/Compare HomeShip.asset using Guid(65e7b5cbebbde7a428996be8f22dc319) Importer(815301076,1909f56bfc062723c751e8b465ee728b)  -> (artifact id: '34f307cb0420bf83b85cf41fcc9bf687') in 0.010856 seconds 
========================================================================
Received Import Request.
  Time since last request: 0.000020 seconds.
  path: Assets/schiff/Fsm/RotateTowards.asset
  artifactKey: Guid(aeb44cb18fbf9c0418e9711fd7d49dc9) Importer(815301076,1909f56bfc062723c751e8b465ee728b)
Start importing Assets/schiff/Fsm/RotateTowards.asset using Guid(aeb44cb18fbf9c0418e9711fd7d49dc9) Importer(815301076,1909f56bfc062723c751e8b465ee728b)  -> (artifact id: 'a86276539d176a08451107250a7841b5') in 0.009151 seconds 
========================================================================
Received Import Request.
  Time since last request: 0.000019 seconds.
  path: Assets/schiff/Fsm/Time Elapsed.asset
  artifactKey: Guid(b06c77a65fd4fd944bfe397aace8588f) Importer(815301076,1909f56bfc062723c751e8b465ee728b)
Start importing Assets/schiff/Fsm/Time Elapsed.asset using Guid(b06c77a65fd4fd944bfe397aace8588f) Importer(815301076,1909f56bfc062723c751e8b465ee728b)  -> (artifact id: 'b14ee9c2d20e49d91011058b047933e4') in 0.008861 seconds 
========================================================================
Received Import Request.
  Time since last request: 0.000020 seconds.
  path: Assets/schiff/Fsm/Set Object In Focus.asset
  artifactKey: Guid(f465048c03b20c34b8182b5b55605aa9) Importer(815301076,1909f56bfc062723c751e8b465ee728b)
Start importing Assets/schiff/Fsm/Set Object In Focus.asset using Guid(f465048c03b20c34b8182b5b55605aa9) Importer(815301076,1909f56bfc062723c751e8b465ee728b)  -> (artifact id: '2df5369093222983ebc277005c25fcb4') in 0.008203 seconds 
Editor requested this worker to shutdown with reason: Scaling down because of idle timeout
AssetImportWorker is now disconnected from the server
Process exiting
Exiting without the bug reporter. Application will terminate with return code 0