Using pre-set license
Built from '2021.3/staging' branch; Version is '2021.3.3f1 (af2e63e8f9bd) revision 11480675'; Using compiler version '192829333'; Build Type 'Release'
OS: 'Windows 10  (10.0.19044) 64bit Professional' Language: 'de' Physical Memory: 32716 MB
BatchMode: 1, IsHumanControllingUs: 0, StartBugReporterOnCrash: 0, Is64bit: 1, IsPro: 1

COMMAND LINE ARGUMENTS:
C:\Program Files\Unity\Hub\Editor\2021.3.3f1\Editor\Unity.exe
-adb2
-batchMode
-noUpm
-name
AssetImportWorker10
-projectPath
C:/Projekte/schiffai
-logFile
Logs/AssetImportWorker10.log
-srvPort
52962
Successfully changed project path to: C:/Projekte/schiffai
C:/Projekte/schiffai
[UnityMemory] Configuration Parameters - Can be set up in boot.config
    "memorysetup-bucket-allocator-granularity=16"
    "memorysetup-bucket-allocator-bucket-count=8"
    "memorysetup-bucket-allocator-block-size=33554432"
    "memorysetup-bucket-allocator-block-count=8"
    "memorysetup-main-allocator-block-size=16777216"
    "memorysetup-thread-allocator-block-size=16777216"
    "memorysetup-gfx-main-allocator-block-size=16777216"
    "memorysetup-gfx-thread-allocator-block-size=16777216"
    "memorysetup-cache-allocator-block-size=4194304"
    "memorysetup-typetree-allocator-block-size=2097152"
    "memorysetup-profiler-bucket-allocator-granularity=16"
    "memorysetup-profiler-bucket-allocator-bucket-count=8"
    "memorysetup-profiler-bucket-allocator-block-size=33554432"
    "memorysetup-profiler-bucket-allocator-block-count=8"
    "memorysetup-profiler-allocator-block-size=16777216"
    "memorysetup-profiler-editor-allocator-block-size=1048576"
    "memorysetup-temp-allocator-size-main=16777216"
    "memorysetup-job-temp-allocator-block-size=2097152"
    "memorysetup-job-temp-allocator-block-size-background=1048576"
    "memorysetup-job-temp-allocator-reduction-small-platforms=262144"
    "memorysetup-temp-allocator-size-background-worker=32768"
    "memorysetup-temp-allocator-size-job-worker=262144"
    "memorysetup-temp-allocator-size-preload-manager=33554432"
    "memorysetup-temp-allocator-size-nav-mesh-worker=65536"
    "memorysetup-temp-allocator-size-audio-worker=65536"
    "memorysetup-temp-allocator-size-cloud-worker=32768"
    "memorysetup-temp-allocator-size-gi-baking-worker=262144"
    "memorysetup-temp-allocator-size-gfx=262144"
Refreshing native plugins compatible for Editor in 78.50 ms, found 2 plugins.
Preloading 0 native plugins for Editor in 0.00 ms.
Initialize engine version: 2021.3.3f1 (af2e63e8f9bd)
[Subsystems] Discovering subsystems at path C:/Program Files/Unity/Hub/Editor/2021.3.3f1/Editor/Data/Resources/UnitySubsystems
[Subsystems] Discovering subsystems at path C:/Projekte/schiffai/Assets
GfxDevice: creating device client; threaded=0; jobified=0
Direct3D:
    Version:  Direct3D 11.0 [level 11.1]
    Renderer: NVIDIA GeForce RTX 2070 SUPER (ID=0x1e84)
    Vendor:   NVIDIA
    VRAM:     8011 MB
    Driver:   30.0.14.7212
Initialize mono
Mono path[0] = 'C:/Program Files/Unity/Hub/Editor/2021.3.3f1/Editor/Data/Managed'
Mono path[1] = 'C:/Program Files/Unity/Hub/Editor/2021.3.3f1/Editor/Data/MonoBleedingEdge/lib/mono/unityjit-win32'
Mono config path = 'C:/Program Files/Unity/Hub/Editor/2021.3.3f1/Editor/Data/MonoBleedingEdge/etc'
Using monoOptions --debugger-agent=transport=dt_socket,embedding=1,server=y,suspend=n,address=127.0.0.1:56712
Begin MonoManager ReloadAssembly
Registering precompiled unity dll's ...
Register platform support module: C:/Program Files/Unity/Hub/Editor/2021.3.3f1/Editor/Data/PlaybackEngines/WebGLSupport/UnityEditor.WebGL.Extensions.dll
Register platform support module: C:/Program Files/Unity/Hub/Editor/2021.3.3f1/Editor/Data/PlaybackEngines/WindowsStandaloneSupport/UnityEditor.WindowsStandalone.Extensions.dll
Registered in 0.018519 seconds.
Native extension for WindowsStandalone target not found
Native extension for WebGL target not found
Refreshing native plugins compatible for Editor in 64.46 ms, found 2 plugins.
Preloading 0 native plugins for Editor in 0.00 ms.
Mono: successfully reloaded assembly
- Completed reload, in  0.834 seconds
Domain Reload Profiling:
	ReloadAssembly (834ms)
		BeginReloadAssembly (80ms)
			ExecutionOrderSort (0ms)
			DisableScriptedObjects (0ms)
			BackupInstance (0ms)
			ReleaseScriptingObjects (0ms)
			CreateAndSetChildDomain (1ms)
		EndReloadAssembly (533ms)
			LoadAssemblies (75ms)
			RebuildTransferFunctionScriptingTraits (0ms)
			SetupTypeCache (195ms)
			ReleaseScriptCaches (0ms)
			RebuildScriptCaches (31ms)
			SetupLoadedEditorAssemblies (254ms)
				LogAssemblyErrors (0ms)
				InitializePlatformSupportModulesInManaged (12ms)
				SetLoadedEditorAssemblies (0ms)
				RefreshPlugins (65ms)
				BeforeProcessingInitializeOnLoad (2ms)
				ProcessInitializeOnLoadAttributes (127ms)
				ProcessInitializeOnLoadMethodAttributes (47ms)
				AfterProcessingInitializeOnLoad (0ms)
				EditorAssembliesLoaded (0ms)
			ExecutionOrderSort2 (0ms)
			AwakeInstancesAfterBackupRestoration (0ms)
Platform modules already initialized, skipping
Registering precompiled user dll's ...
Registered in 0.006266 seconds.
Begin MonoManager ReloadAssembly
Native extension for WindowsStandalone target not found
Native extension for WebGL target not found
Refreshing native plugins compatible for Editor in 0.95 ms, found 2 plugins.
Preloading 0 native plugins for Editor in 0.00 ms.
Package Manager log level set to [2]
Mono: successfully reloaded assembly
- Completed reload, in  1.114 seconds
Domain Reload Profiling:
	ReloadAssembly (1115ms)
		BeginReloadAssembly (119ms)
			ExecutionOrderSort (0ms)
			DisableScriptedObjects (6ms)
			BackupInstance (0ms)
			ReleaseScriptingObjects (0ms)
			CreateAndSetChildDomain (20ms)
		EndReloadAssembly (878ms)
			LoadAssemblies (91ms)
			RebuildTransferFunctionScriptingTraits (0ms)
			SetupTypeCache (176ms)
			ReleaseScriptCaches (1ms)
			RebuildScriptCaches (60ms)
			SetupLoadedEditorAssemblies (514ms)
				LogAssemblyErrors (0ms)
				InitializePlatformSupportModulesInManaged (8ms)
				SetLoadedEditorAssemblies (1ms)
				RefreshPlugins (1ms)
				BeforeProcessingInitializeOnLoad (92ms)
				ProcessInitializeOnLoadAttributes (265ms)
				ProcessInitializeOnLoadMethodAttributes (133ms)
				AfterProcessingInitializeOnLoad (14ms)
				EditorAssembliesLoaded (0ms)
			ExecutionOrderSort2 (0ms)
			AwakeInstancesAfterBackupRestoration (5ms)
Platform modules already initialized, skipping
========================================================================
Worker process is ready to serve import requests
Launched and connected shader compiler UnityShaderCompiler.exe after 0.16 seconds
Refreshing native plugins compatible for Editor in 1.17 ms, found 2 plugins.
Preloading 0 native plugins for Editor in 0.00 ms.
Unloading 2743 Unused Serialized files (Serialized files now loaded: 0)
Unloading 60 unused Assets / (485.9 KB). Loaded Objects now: 3183.
Memory consumption went from 120.4 MB to 119.9 MB.
Total: 9.961900 ms (FindLiveObjects: 0.332500 ms CreateObjectMapping: 0.102100 ms MarkObjects: 9.144200 ms  DeleteObjects: 0.380800 ms)

AssetImportParameters requested are different than current active one (requested -> active):
  custom:video-decoder-ogg-theora: a1e56fd34408186e4bbccfd4996cb3dc -> 
  custom:container-muxer-webm: aa71ff27fc2769a1b78a27578f13a17b -> 
  custom:container-demuxer-webm: 4f35f7cbe854078d1ac9338744f61a02 -> 
  custom:video-encoder-webm-vp8: eb34c28f22e8b96e1ab97ce403110664 -> 
  custom:audio-encoder-webm-vorbis: bf7c407c2cedff20999df2af8eb42d56 -> 
  custom:framework-win-MediaFoundation: 216162199b28c13a410421893ffa2e32 -> 
  custom:container-demuxer-ogg: 62fdf1f143b41e24485cea50d1cbac27 -> 
  custom:video-decoder-webm-vp8: 9c59270c3fd7afecdb556c50c9e8de78 -> 
  custom:audio-decoder-ogg-vorbis: bf7c407c2cedff20999df2af8eb42d56 -> 
========================================================================
Received Import Request.
  Time since last request: 1769237.473264 seconds.
  path: Assets/schiff/AI/NPC.prefab
  artifactKey: Guid(b30683a206ca83f429b1ae32155602df) Importer(815301076,1909f56bfc062723c751e8b465ee728b)
Start importing Assets/schiff/AI/NPC.prefab using Guid(b30683a206ca83f429b1ae32155602df) Importer(815301076,1909f56bfc062723c751e8b465ee728b)  -> (artifact id: 'a5029c881a92e3148665cdb1261321ab') in 0.521365 seconds 
========================================================================
Received Import Request.
  Time since last request: 230.733566 seconds.
  path: Assets/schiff/AI/NPC.prefab
  artifactKey: Guid(b30683a206ca83f429b1ae32155602df) Importer(815301076,1909f56bfc062723c751e8b465ee728b)
Start importing Assets/schiff/AI/NPC.prefab using Guid(b30683a206ca83f429b1ae32155602df) Importer(815301076,1909f56bfc062723c751e8b465ee728b)  -> (artifact id: 'edeca8d6b41249473d1f344af25d9de6') in 0.092261 seconds 
========================================================================
Received Import Request.
  Time since last request: 264.887954 seconds.
  path: Assets/schiff/AI/NPC.prefab
  artifactKey: Guid(b30683a206ca83f429b1ae32155602df) Importer(815301076,1909f56bfc062723c751e8b465ee728b)
Start importing Assets/schiff/AI/NPC.prefab using Guid(b30683a206ca83f429b1ae32155602df) Importer(815301076,1909f56bfc062723c751e8b465ee728b)  -> (artifact id: '26e149b80a3bb345a59795af27ed6c53') in 0.088370 seconds 
========================================================================
Received Prepare
Registering precompiled user dll's ...
Registered in 0.003812 seconds.
Begin MonoManager ReloadAssembly
Native extension for WindowsStandalone target not found
Native extension for WebGL target not found
Refreshing native plugins compatible for Editor in 1.09 ms, found 2 plugins.
Preloading 0 native plugins for Editor in 0.00 ms.
Mono: successfully reloaded assembly
- Completed reload, in  1.011 seconds
Domain Reload Profiling:
	ReloadAssembly (1011ms)
		BeginReloadAssembly (133ms)
			ExecutionOrderSort (0ms)
			DisableScriptedObjects (7ms)
			BackupInstance (0ms)
			ReleaseScriptingObjects (0ms)
			CreateAndSetChildDomain (36ms)
		EndReloadAssembly (787ms)
			LoadAssemblies (88ms)
			RebuildTransferFunctionScriptingTraits (0ms)
			SetupTypeCache (180ms)
			ReleaseScriptCaches (2ms)
			RebuildScriptCaches (58ms)
			SetupLoadedEditorAssemblies (426ms)
				LogAssemblyErrors (0ms)
				InitializePlatformSupportModulesInManaged (14ms)
				SetLoadedEditorAssemblies (0ms)
				RefreshPlugins (1ms)
				BeforeProcessingInitializeOnLoad (87ms)
				ProcessInitializeOnLoadAttributes (191ms)
				ProcessInitializeOnLoadMethodAttributes (124ms)
				AfterProcessingInitializeOnLoad (8ms)
				EditorAssembliesLoaded (0ms)
			ExecutionOrderSort2 (0ms)
			AwakeInstancesAfterBackupRestoration (5ms)
Platform modules already initialized, skipping
Refreshing native plugins compatible for Editor in 6.19 ms, found 2 plugins.
Preloading 0 native plugins for Editor in 0.00 ms.
Unloading 2661 Unused Serialized files (Serialized files now loaded: 0)
Unloading 49 unused Assets / (406.7 KB). Loaded Objects now: 3196.
Memory consumption went from 129.6 MB to 129.3 MB.
Total: 5.668400 ms (FindLiveObjects: 0.211300 ms CreateObjectMapping: 0.060500 ms MarkObjects: 5.163100 ms  DeleteObjects: 0.232100 ms)

AssetImportParameters requested are different than current active one (requested -> active):
  custom:video-decoder-ogg-theora: a1e56fd34408186e4bbccfd4996cb3dc -> 
  custom:container-muxer-webm: aa71ff27fc2769a1b78a27578f13a17b -> 
  custom:container-demuxer-webm: 4f35f7cbe854078d1ac9338744f61a02 -> 
  custom:video-encoder-webm-vp8: eb34c28f22e8b96e1ab97ce403110664 -> 
  custom:audio-encoder-webm-vorbis: bf7c407c2cedff20999df2af8eb42d56 -> 
  custom:framework-win-MediaFoundation: 216162199b28c13a410421893ffa2e32 -> 
  custom:container-demuxer-ogg: 62fdf1f143b41e24485cea50d1cbac27 -> 
  custom:video-decoder-webm-vp8: 9c59270c3fd7afecdb556c50c9e8de78 -> 
  custom:audio-decoder-ogg-vorbis: bf7c407c2cedff20999df2af8eb42d56 -> 
========================================================================
Received Prepare
Registering precompiled user dll's ...
Registered in 0.004348 seconds.
Begin MonoManager ReloadAssembly
Native extension for WindowsStandalone target not found
Native extension for WebGL target not found
Refreshing native plugins compatible for Editor in 1.09 ms, found 2 plugins.
Preloading 0 native plugins for Editor in 0.00 ms.
Mono: successfully reloaded assembly
- Completed reload, in  1.012 seconds
Domain Reload Profiling:
	ReloadAssembly (1012ms)
		BeginReloadAssembly (126ms)
			ExecutionOrderSort (0ms)
			DisableScriptedObjects (6ms)
			BackupInstance (0ms)
			ReleaseScriptingObjects (0ms)
			CreateAndSetChildDomain (32ms)
		EndReloadAssembly (791ms)
			LoadAssemblies (83ms)
			RebuildTransferFunctionScriptingTraits (0ms)
			SetupTypeCache (175ms)
			ReleaseScriptCaches (1ms)
			RebuildScriptCaches (57ms)
			SetupLoadedEditorAssemblies (445ms)
				LogAssemblyErrors (0ms)
				InitializePlatformSupportModulesInManaged (16ms)
				SetLoadedEditorAssemblies (1ms)
				RefreshPlugins (1ms)
				BeforeProcessingInitializeOnLoad (89ms)
				ProcessInitializeOnLoadAttributes (197ms)
				ProcessInitializeOnLoadMethodAttributes (131ms)
				AfterProcessingInitializeOnLoad (9ms)
				EditorAssembliesLoaded (0ms)
			ExecutionOrderSort2 (0ms)
			AwakeInstancesAfterBackupRestoration (5ms)
Platform modules already initialized, skipping
Refreshing native plugins compatible for Editor in 5.01 ms, found 2 plugins.
Preloading 0 native plugins for Editor in 0.00 ms.
Unloading 2661 Unused Serialized files (Serialized files now loaded: 0)
Unloading 49 unused Assets / (398.8 KB). Loaded Objects now: 3199.
Memory consumption went from 129.6 MB to 129.3 MB.
Total: 5.977900 ms (FindLiveObjects: 0.347400 ms CreateObjectMapping: 0.082500 ms MarkObjects: 5.256100 ms  DeleteObjects: 0.290100 ms)

AssetImportParameters requested are different than current active one (requested -> active):
  custom:video-decoder-ogg-theora: a1e56fd34408186e4bbccfd4996cb3dc -> 
  custom:container-muxer-webm: aa71ff27fc2769a1b78a27578f13a17b -> 
  custom:container-demuxer-webm: 4f35f7cbe854078d1ac9338744f61a02 -> 
  custom:video-encoder-webm-vp8: eb34c28f22e8b96e1ab97ce403110664 -> 
  custom:audio-encoder-webm-vorbis: bf7c407c2cedff20999df2af8eb42d56 -> 
  custom:framework-win-MediaFoundation: 216162199b28c13a410421893ffa2e32 -> 
  custom:container-demuxer-ogg: 62fdf1f143b41e24485cea50d1cbac27 -> 
  custom:video-decoder-webm-vp8: 9c59270c3fd7afecdb556c50c9e8de78 -> 
  custom:audio-decoder-ogg-vorbis: bf7c407c2cedff20999df2af8eb42d56 -> 
========================================================================
Received Import Request.
  Time since last request: 125.406805 seconds.
  path: Assets/schiff/AI/Spawn.prefab
  artifactKey: Guid(dfa420c205520f349860facdda9c1691) Importer(815301076,1909f56bfc062723c751e8b465ee728b)
Start importing Assets/schiff/AI/Spawn.prefab using Guid(dfa420c205520f349860facdda9c1691) Importer(815301076,1909f56bfc062723c751e8b465ee728b)  -> (artifact id: '2af08d6e841a77641520b9edfae2f6cc') in 0.070209 seconds 
========================================================================
Received Prepare
Registering precompiled user dll's ...
Registered in 0.004409 seconds.
Begin MonoManager ReloadAssembly
Native extension for WindowsStandalone target not found
Native extension for WebGL target not found
Refreshing native plugins compatible for Editor in 0.77 ms, found 2 plugins.
Preloading 0 native plugins for Editor in 0.00 ms.
Mono: successfully reloaded assembly
- Completed reload, in  1.000 seconds
Domain Reload Profiling:
	ReloadAssembly (1000ms)
		BeginReloadAssembly (123ms)
			ExecutionOrderSort (0ms)
			DisableScriptedObjects (7ms)
			BackupInstance (0ms)
			ReleaseScriptingObjects (0ms)
			CreateAndSetChildDomain (33ms)
		EndReloadAssembly (780ms)
			LoadAssemblies (73ms)
			RebuildTransferFunctionScriptingTraits (0ms)
			SetupTypeCache (177ms)
			ReleaseScriptCaches (1ms)
			RebuildScriptCaches (56ms)
			SetupLoadedEditorAssemblies (433ms)
				LogAssemblyErrors (0ms)
				InitializePlatformSupportModulesInManaged (14ms)
				SetLoadedEditorAssemblies (0ms)
				RefreshPlugins (1ms)
				BeforeProcessingInitializeOnLoad (80ms)
				ProcessInitializeOnLoadAttributes (198ms)
				ProcessInitializeOnLoadMethodAttributes (132ms)
				AfterProcessingInitializeOnLoad (9ms)
				EditorAssembliesLoaded (0ms)
			ExecutionOrderSort2 (0ms)
			AwakeInstancesAfterBackupRestoration (5ms)
Platform modules already initialized, skipping
Refreshing native plugins compatible for Editor in 5.03 ms, found 2 plugins.
Preloading 0 native plugins for Editor in 0.00 ms.
Unloading 2661 Unused Serialized files (Serialized files now loaded: 0)
Unloading 49 unused Assets / (406.6 KB). Loaded Objects now: 3202.
Memory consumption went from 129.7 MB to 129.3 MB.
Total: 5.803800 ms (FindLiveObjects: 0.236000 ms CreateObjectMapping: 0.066100 ms MarkObjects: 5.183200 ms  DeleteObjects: 0.317000 ms)

AssetImportParameters requested are different than current active one (requested -> active):
  custom:video-decoder-ogg-theora: a1e56fd34408186e4bbccfd4996cb3dc -> 
  custom:container-muxer-webm: aa71ff27fc2769a1b78a27578f13a17b -> 
  custom:container-demuxer-webm: 4f35f7cbe854078d1ac9338744f61a02 -> 
  custom:video-encoder-webm-vp8: eb34c28f22e8b96e1ab97ce403110664 -> 
  custom:audio-encoder-webm-vorbis: bf7c407c2cedff20999df2af8eb42d56 -> 
  custom:framework-win-MediaFoundation: 216162199b28c13a410421893ffa2e32 -> 
  custom:container-demuxer-ogg: 62fdf1f143b41e24485cea50d1cbac27 -> 
  custom:video-decoder-webm-vp8: 9c59270c3fd7afecdb556c50c9e8de78 -> 
  custom:audio-decoder-ogg-vorbis: bf7c407c2cedff20999df2af8eb42d56 -> 
========================================================================
Received Import Request.
  Time since last request: 138.117720 seconds.
  path: Assets/schiff/AI/NPC.prefab
  artifactKey: Guid(b30683a206ca83f429b1ae32155602df) Importer(815301076,1909f56bfc062723c751e8b465ee728b)
Start importing Assets/schiff/AI/NPC.prefab using Guid(b30683a206ca83f429b1ae32155602df) Importer(815301076,1909f56bfc062723c751e8b465ee728b)  -> (artifact id: '32648e97b858e586faa1abfa381c7212') in 0.156812 seconds 
========================================================================
Received Prepare
Registering precompiled user dll's ...
Registered in 0.005879 seconds.
Begin MonoManager ReloadAssembly
Native extension for WindowsStandalone target not found
Native extension for WebGL target not found
Refreshing native plugins compatible for Editor in 0.66 ms, found 2 plugins.
Preloading 0 native plugins for Editor in 0.00 ms.
Mono: successfully reloaded assembly
- Completed reload, in  0.994 seconds
Domain Reload Profiling:
	ReloadAssembly (995ms)
		BeginReloadAssembly (120ms)
			ExecutionOrderSort (0ms)
			DisableScriptedObjects (6ms)
			BackupInstance (0ms)
			ReleaseScriptingObjects (0ms)
			CreateAndSetChildDomain (31ms)
		EndReloadAssembly (779ms)
			LoadAssemblies (73ms)
			RebuildTransferFunctionScriptingTraits (0ms)
			SetupTypeCache (175ms)
			ReleaseScriptCaches (1ms)
			RebuildScriptCaches (61ms)
			SetupLoadedEditorAssemblies (430ms)
				LogAssemblyErrors (0ms)
				InitializePlatformSupportModulesInManaged (13ms)
				SetLoadedEditorAssemblies (0ms)
				RefreshPlugins (1ms)
				BeforeProcessingInitializeOnLoad (82ms)
				ProcessInitializeOnLoadAttributes (191ms)
				ProcessInitializeOnLoadMethodAttributes (134ms)
				AfterProcessingInitializeOnLoad (9ms)
				EditorAssembliesLoaded (0ms)
			ExecutionOrderSort2 (0ms)
			AwakeInstancesAfterBackupRestoration (5ms)
Platform modules already initialized, skipping
Refreshing native plugins compatible for Editor in 7.44 ms, found 2 plugins.
Preloading 0 native plugins for Editor in 0.00 ms.
Unloading 2661 Unused Serialized files (Serialized files now loaded: 0)
Unloading 49 unused Assets / (399.0 KB). Loaded Objects now: 3205.
Memory consumption went from 129.7 MB to 129.3 MB.
Total: 7.653600 ms (FindLiveObjects: 0.299300 ms CreateObjectMapping: 0.079600 ms MarkObjects: 6.975500 ms  DeleteObjects: 0.297500 ms)

AssetImportParameters requested are different than current active one (requested -> active):
  custom:video-decoder-ogg-theora: a1e56fd34408186e4bbccfd4996cb3dc -> 
  custom:container-muxer-webm: aa71ff27fc2769a1b78a27578f13a17b -> 
  custom:container-demuxer-webm: 4f35f7cbe854078d1ac9338744f61a02 -> 
  custom:video-encoder-webm-vp8: eb34c28f22e8b96e1ab97ce403110664 -> 
  custom:audio-encoder-webm-vorbis: bf7c407c2cedff20999df2af8eb42d56 -> 
  custom:framework-win-MediaFoundation: 216162199b28c13a410421893ffa2e32 -> 
  custom:container-demuxer-ogg: 62fdf1f143b41e24485cea50d1cbac27 -> 
  custom:video-decoder-webm-vp8: 9c59270c3fd7afecdb556c50c9e8de78 -> 
  custom:audio-decoder-ogg-vorbis: bf7c407c2cedff20999df2af8eb42d56 -> 
========================================================================
Received Prepare
Registering precompiled user dll's ...
Registered in 0.004829 seconds.
Begin MonoManager ReloadAssembly
Native extension for WindowsStandalone target not found
Native extension for WebGL target not found
Refreshing native plugins compatible for Editor in 0.81 ms, found 2 plugins.
Preloading 0 native plugins for Editor in 0.00 ms.
Mono: successfully reloaded assembly
- Completed reload, in  0.955 seconds
Domain Reload Profiling:
	ReloadAssembly (956ms)
		BeginReloadAssembly (122ms)
			ExecutionOrderSort (0ms)
			DisableScriptedObjects (6ms)
			BackupInstance (0ms)
			ReleaseScriptingObjects (0ms)
			CreateAndSetChildDomain (32ms)
		EndReloadAssembly (742ms)
			LoadAssemblies (78ms)
			RebuildTransferFunctionScriptingTraits (0ms)
			SetupTypeCache (163ms)
			ReleaseScriptCaches (1ms)
			RebuildScriptCaches (54ms)
			SetupLoadedEditorAssemblies (410ms)
				LogAssemblyErrors (0ms)
				InitializePlatformSupportModulesInManaged (13ms)
				SetLoadedEditorAssemblies (0ms)
				RefreshPlugins (1ms)
				BeforeProcessingInitializeOnLoad (78ms)
				ProcessInitializeOnLoadAttributes (185ms)
				ProcessInitializeOnLoadMethodAttributes (125ms)
				AfterProcessingInitializeOnLoad (8ms)
				EditorAssembliesLoaded (0ms)
			ExecutionOrderSort2 (0ms)
			AwakeInstancesAfterBackupRestoration (5ms)
Platform modules already initialized, skipping
Refreshing native plugins compatible for Editor in 8.01 ms, found 2 plugins.
Preloading 0 native plugins for Editor in 0.00 ms.
Unloading 2661 Unused Serialized files (Serialized files now loaded: 0)
Unloading 49 unused Assets / (430.3 KB). Loaded Objects now: 3208.
Memory consumption went from 129.8 MB to 129.3 MB.
Total: 8.412100 ms (FindLiveObjects: 0.296500 ms CreateObjectMapping: 0.103100 ms MarkObjects: 7.703200 ms  DeleteObjects: 0.307700 ms)

AssetImportParameters requested are different than current active one (requested -> active):
  custom:video-decoder-ogg-theora: a1e56fd34408186e4bbccfd4996cb3dc -> 
  custom:container-muxer-webm: aa71ff27fc2769a1b78a27578f13a17b -> 
  custom:container-demuxer-webm: 4f35f7cbe854078d1ac9338744f61a02 -> 
  custom:video-encoder-webm-vp8: eb34c28f22e8b96e1ab97ce403110664 -> 
  custom:audio-encoder-webm-vorbis: bf7c407c2cedff20999df2af8eb42d56 -> 
  custom:framework-win-MediaFoundation: 216162199b28c13a410421893ffa2e32 -> 
  custom:container-demuxer-ogg: 62fdf1f143b41e24485cea50d1cbac27 -> 
  custom:video-decoder-webm-vp8: 9c59270c3fd7afecdb556c50c9e8de78 -> 
  custom:audio-decoder-ogg-vorbis: bf7c407c2cedff20999df2af8eb42d56 -> 
========================================================================
Received Prepare
Registering precompiled user dll's ...
Registered in 0.003795 seconds.
Begin MonoManager ReloadAssembly
Native extension for WindowsStandalone target not found
Native extension for WebGL target not found
Refreshing native plugins compatible for Editor in 0.77 ms, found 2 plugins.
Preloading 0 native plugins for Editor in 0.00 ms.
Mono: successfully reloaded assembly
- Completed reload, in  0.985 seconds
Domain Reload Profiling:
	ReloadAssembly (986ms)
		BeginReloadAssembly (128ms)
			ExecutionOrderSort (0ms)
			DisableScriptedObjects (7ms)
			BackupInstance (0ms)
			ReleaseScriptingObjects (0ms)
			CreateAndSetChildDomain (30ms)
		EndReloadAssembly (769ms)
			LoadAssemblies (83ms)
			RebuildTransferFunctionScriptingTraits (0ms)
			SetupTypeCache (160ms)
			ReleaseScriptCaches (2ms)
			RebuildScriptCaches (55ms)
			SetupLoadedEditorAssemblies (443ms)
				LogAssemblyErrors (0ms)
				InitializePlatformSupportModulesInManaged (14ms)
				SetLoadedEditorAssemblies (0ms)
				RefreshPlugins (1ms)
				BeforeProcessingInitializeOnLoad (76ms)
				ProcessInitializeOnLoadAttributes (200ms)
				ProcessInitializeOnLoadMethodAttributes (141ms)
				AfterProcessingInitializeOnLoad (11ms)
				EditorAssembliesLoaded (0ms)
			ExecutionOrderSort2 (0ms)
			AwakeInstancesAfterBackupRestoration (7ms)
Platform modules already initialized, skipping
Refreshing native plugins compatible for Editor in 5.82 ms, found 2 plugins.
Preloading 0 native plugins for Editor in 0.00 ms.
Unloading 2661 Unused Serialized files (Serialized files now loaded: 0)
Unloading 49 unused Assets / (406.7 KB). Loaded Objects now: 3211.
Memory consumption went from 129.7 MB to 129.3 MB.
Total: 5.779100 ms (FindLiveObjects: 0.218100 ms CreateObjectMapping: 0.063800 ms MarkObjects: 5.224100 ms  DeleteObjects: 0.271800 ms)

AssetImportParameters requested are different than current active one (requested -> active):
  custom:video-decoder-ogg-theora: a1e56fd34408186e4bbccfd4996cb3dc -> 
  custom:container-muxer-webm: aa71ff27fc2769a1b78a27578f13a17b -> 
  custom:container-demuxer-webm: 4f35f7cbe854078d1ac9338744f61a02 -> 
  custom:video-encoder-webm-vp8: eb34c28f22e8b96e1ab97ce403110664 -> 
  custom:audio-encoder-webm-vorbis: bf7c407c2cedff20999df2af8eb42d56 -> 
  custom:framework-win-MediaFoundation: 216162199b28c13a410421893ffa2e32 -> 
  custom:container-demuxer-ogg: 62fdf1f143b41e24485cea50d1cbac27 -> 
  custom:video-decoder-webm-vp8: 9c59270c3fd7afecdb556c50c9e8de78 -> 
  custom:audio-decoder-ogg-vorbis: bf7c407c2cedff20999df2af8eb42d56 -> 
========================================================================
Received Import Request.
  Time since last request: 407.970082 seconds.
  path: Assets/schiff/AI/Cover
  artifactKey: Guid(7dfb79e409808c24f8dc7e88c40193f1) Importer(815301076,1909f56bfc062723c751e8b465ee728b)
Start importing Assets/schiff/AI/Cover using Guid(7dfb79e409808c24f8dc7e88c40193f1) Importer(815301076,1909f56bfc062723c751e8b465ee728b)  -> (artifact id: '8b2014f15106ed8ae93411cfe6fe6558') in 0.012343 seconds 
========================================================================
Received Import Request.
  Time since last request: 2.000556 seconds.
  path: Assets/schiff/AI/Cover.cs
  artifactKey: Guid(d970ef2ab439a9a419beebbc461d33f8) Importer(815301076,1909f56bfc062723c751e8b465ee728b)
Start importing Assets/schiff/AI/Cover.cs using Guid(d970ef2ab439a9a419beebbc461d33f8) Importer(815301076,1909f56bfc062723c751e8b465ee728b)  -> (artifact id: '1eec32d0599f1c95acf121bd5b02a69a') in 0.007042 seconds 
========================================================================
Received Prepare
Registering precompiled user dll's ...
Registered in 0.003765 seconds.
Begin MonoManager ReloadAssembly
Native extension for WindowsStandalone target not found
Native extension for WebGL target not found
Refreshing native plugins compatible for Editor in 0.76 ms, found 2 plugins.
Preloading 0 native plugins for Editor in 0.00 ms.
Mono: successfully reloaded assembly
- Completed reload, in  0.951 seconds
Domain Reload Profiling:
	ReloadAssembly (952ms)
		BeginReloadAssembly (122ms)
			ExecutionOrderSort (0ms)
			DisableScriptedObjects (8ms)
			BackupInstance (0ms)
			ReleaseScriptingObjects (0ms)
			CreateAndSetChildDomain (31ms)
		EndReloadAssembly (739ms)
			LoadAssemblies (78ms)
			RebuildTransferFunctionScriptingTraits (0ms)
			SetupTypeCache (168ms)
			ReleaseScriptCaches (1ms)
			RebuildScriptCaches (54ms)
			SetupLoadedEditorAssemblies (405ms)
				LogAssemblyErrors (0ms)
				InitializePlatformSupportModulesInManaged (13ms)
				SetLoadedEditorAssemblies (0ms)
				RefreshPlugins (1ms)
				BeforeProcessingInitializeOnLoad (76ms)
				ProcessInitializeOnLoadAttributes (186ms)
				ProcessInitializeOnLoadMethodAttributes (121ms)
				AfterProcessingInitializeOnLoad (8ms)
				EditorAssembliesLoaded (0ms)
			ExecutionOrderSort2 (0ms)
			AwakeInstancesAfterBackupRestoration (5ms)
Platform modules already initialized, skipping
Refreshing native plugins compatible for Editor in 5.47 ms, found 2 plugins.
Preloading 0 native plugins for Editor in 0.00 ms.
Unloading 2661 Unused Serialized files (Serialized files now loaded: 0)
Unloading 49 unused Assets / (407.0 KB). Loaded Objects now: 3214.
Memory consumption went from 129.8 MB to 129.4 MB.
Total: 7.321900 ms (FindLiveObjects: 0.373400 ms CreateObjectMapping: 0.072000 ms MarkObjects: 6.617800 ms  DeleteObjects: 0.256800 ms)

AssetImportParameters requested are different than current active one (requested -> active):
  custom:video-decoder-ogg-theora: a1e56fd34408186e4bbccfd4996cb3dc -> 
  custom:container-muxer-webm: aa71ff27fc2769a1b78a27578f13a17b -> 
  custom:container-demuxer-webm: 4f35f7cbe854078d1ac9338744f61a02 -> 
  custom:video-encoder-webm-vp8: eb34c28f22e8b96e1ab97ce403110664 -> 
  custom:audio-encoder-webm-vorbis: bf7c407c2cedff20999df2af8eb42d56 -> 
  custom:framework-win-MediaFoundation: 216162199b28c13a410421893ffa2e32 -> 
  custom:container-demuxer-ogg: 62fdf1f143b41e24485cea50d1cbac27 -> 
  custom:video-decoder-webm-vp8: 9c59270c3fd7afecdb556c50c9e8de78 -> 
  custom:audio-decoder-ogg-vorbis: bf7c407c2cedff20999df2af8eb42d56 -> 
========================================================================
Received Import Request.
  Time since last request: 21.502344 seconds.
  path: Assets/schiff/AI/NPCSpawn.prefab
  artifactKey: Guid(dfa420c205520f349860facdda9c1691) Importer(815301076,1909f56bfc062723c751e8b465ee728b)
Start importing Assets/schiff/AI/NPCSpawn.prefab using Guid(dfa420c205520f349860facdda9c1691) Importer(815301076,1909f56bfc062723c751e8b465ee728b)  -> (artifact id: '314d49614e625de3b2a0967bfdcc2b62') in 0.078615 seconds 
========================================================================
Received Import Request.
  Time since last request: 7.350754 seconds.
  path: Assets/schiff/Characters/Pirate Upper Body.mask
  artifactKey: Guid(276e96672706e8f45b16f3791b67523a) Importer(815301076,1909f56bfc062723c751e8b465ee728b)
Start importing Assets/schiff/Characters/Pirate Upper Body.mask using Guid(276e96672706e8f45b16f3791b67523a) Importer(815301076,1909f56bfc062723c751e8b465ee728b)  -> (artifact id: '614212443819b410ced7866301ce38cc') in 0.013829 seconds 
========================================================================
Received Import Request.
  Time since last request: 1.445203 seconds.
  path: Assets/schiff/Characters/Human
  artifactKey: Guid(2b4fa165ea4e28e42bd9627848bc6b1c) Importer(815301076,1909f56bfc062723c751e8b465ee728b)
Start importing Assets/schiff/Characters/Human using Guid(2b4fa165ea4e28e42bd9627848bc6b1c) Importer(815301076,1909f56bfc062723c751e8b465ee728b)  -> (artifact id: 'becb9393e701504474f2d12c88adb9c1') in 0.007633 seconds 
========================================================================
Received Import Request.
  Time since last request: 0.156856 seconds.
  path: Assets/schiff/Characters/Human/Victoria.fbx
  artifactKey: Guid(a05ecc7db5f23264d9a791ece7660c56) Importer(815301076,1909f56bfc062723c751e8b465ee728b)
Start importing Assets/schiff/Characters/Human/Victoria.fbx using Guid(a05ecc7db5f23264d9a791ece7660c56) Importer(815301076,1909f56bfc062723c751e8b465ee728b)  -> (artifact id: '899835dd4be7795365cbf7ead0c300af') in 0.131175 seconds 
========================================================================
Received Import Request.
  Time since last request: 8.950485 seconds.
  path: Assets/schiff/Characters/Human/Victoria.fbm
  artifactKey: Guid(a49180e0f89bacb4fb805fdfa422e604) Importer(815301076,1909f56bfc062723c751e8b465ee728b)
Start importing Assets/schiff/Characters/Human/Victoria.fbm using Guid(a49180e0f89bacb4fb805fdfa422e604) Importer(815301076,1909f56bfc062723c751e8b465ee728b)  -> (artifact id: '7a32b16cd00c672f01a7066d5055f678') in 0.008085 seconds 
========================================================================
Received Import Request.
  Time since last request: 3.715081 seconds.
  path: Assets/schiff/Characters/Human/Victoria.fbm/Victoria_COL.jpg
  artifactKey: Guid(d7e0279b4da913c4e90e3efc835dd649) Importer(815301076,1909f56bfc062723c751e8b465ee728b)
Start importing Assets/schiff/Characters/Human/Victoria.fbm/Victoria_COL.jpg using Guid(d7e0279b4da913c4e90e3efc835dd649) Importer(815301076,1909f56bfc062723c751e8b465ee728b)  -> (artifact id: '189fd68d6e648e54ac58a1c6b2d83552') in 0.036552 seconds 
========================================================================
Received Import Request.
  Time since last request: 2.931390 seconds.
  path: Assets/schiff/Characters/Human/Materials
  artifactKey: Guid(8f045b8d0860235438fbc1b0f141d631) Importer(815301076,1909f56bfc062723c751e8b465ee728b)
Start importing Assets/schiff/Characters/Human/Materials using Guid(8f045b8d0860235438fbc1b0f141d631) Importer(815301076,1909f56bfc062723c751e8b465ee728b)  -> (artifact id: '0fe79f52e75e121599dcefa4c42cbb21') in 0.012561 seconds 
========================================================================
Received Import Request.
  Time since last request: 3.732883 seconds.
  path: Assets/schiff/Characters/Human/Animations
  artifactKey: Guid(b9da50c0d2128f84584c9b2954495866) Importer(815301076,1909f56bfc062723c751e8b465ee728b)
Start importing Assets/schiff/Characters/Human/Animations using Guid(b9da50c0d2128f84584c9b2954495866) Importer(815301076,1909f56bfc062723c751e8b465ee728b)  -> (artifact id: 'ea34d7b6fee1f0d895e4984c70c95125') in 0.008621 seconds 
========================================================================
Received Import Request.
  Time since last request: 6.724098 seconds.
  path: Assets/schiff/Characters/Pirate.controller
  artifactKey: Guid(84acb7c9d272c104b86a3a7f24294887) Importer(815301076,1909f56bfc062723c751e8b465ee728b)
Start importing Assets/schiff/Characters/Pirate.controller using Guid(84acb7c9d272c104b86a3a7f24294887) Importer(815301076,1909f56bfc062723c751e8b465ee728b)  -> (artifact id: '6d1fd780e789f15eebacdc32094a6be2') in 0.039087 seconds 
========================================================================
Received Import Request.
  Time since last request: 5.606207 seconds.
  path: Assets/schiff/Characters/Human.controller
  artifactKey: Guid(19f02d6c17074b142a5c0334248ac153) Importer(815301076,1909f56bfc062723c751e8b465ee728b)
Start importing Assets/schiff/Characters/Human.controller using Guid(19f02d6c17074b142a5c0334248ac153) Importer(815301076,1909f56bfc062723c751e8b465ee728b)  -> (artifact id: 'b356823b2ccbc7660a713f69664a3bf8') in 0.003891 seconds 
========================================================================
Received Prepare
Registering precompiled user dll's ...
Registered in 0.004697 seconds.
Begin MonoManager ReloadAssembly
Native extension for WindowsStandalone target not found
Native extension for WebGL target not found
Refreshing native plugins compatible for Editor in 0.76 ms, found 2 plugins.
Preloading 0 native plugins for Editor in 0.00 ms.
Mono: successfully reloaded assembly
- Completed reload, in  0.949 seconds
Domain Reload Profiling:
	ReloadAssembly (950ms)
		BeginReloadAssembly (128ms)
			ExecutionOrderSort (0ms)
			DisableScriptedObjects (7ms)
			BackupInstance (0ms)
			ReleaseScriptingObjects (0ms)
			CreateAndSetChildDomain (33ms)
		EndReloadAssembly (736ms)
			LoadAssemblies (79ms)
			RebuildTransferFunctionScriptingTraits (0ms)
			SetupTypeCache (162ms)
			ReleaseScriptCaches (1ms)
			RebuildScriptCaches (54ms)
			SetupLoadedEditorAssemblies (411ms)
				LogAssemblyErrors (0ms)
				InitializePlatformSupportModulesInManaged (12ms)
				SetLoadedEditorAssemblies (0ms)
				RefreshPlugins (1ms)
				BeforeProcessingInitializeOnLoad (76ms)
				ProcessInitializeOnLoadAttributes (185ms)
				ProcessInitializeOnLoadMethodAttributes (129ms)
				AfterProcessingInitializeOnLoad (8ms)
				EditorAssembliesLoaded (0ms)
			ExecutionOrderSort2 (0ms)
			AwakeInstancesAfterBackupRestoration (5ms)
Platform modules already initialized, skipping
Refreshing native plugins compatible for Editor in 4.94 ms, found 2 plugins.
Preloading 0 native plugins for Editor in 0.00 ms.
Unloading 2659 Unused Serialized files (Serialized files now loaded: 0)
Unloading 49 unused Assets / (453.7 KB). Loaded Objects now: 3222.
Memory consumption went from 130.0 MB to 129.6 MB.
Total: 6.177100 ms (FindLiveObjects: 0.222000 ms CreateObjectMapping: 0.068000 ms MarkObjects: 5.575500 ms  DeleteObjects: 0.310200 ms)

AssetImportParameters requested are different than current active one (requested -> active):
  custom:video-decoder-ogg-theora: a1e56fd34408186e4bbccfd4996cb3dc -> 
  custom:container-muxer-webm: aa71ff27fc2769a1b78a27578f13a17b -> 
  custom:container-demuxer-webm: 4f35f7cbe854078d1ac9338744f61a02 -> 
  custom:video-encoder-webm-vp8: eb34c28f22e8b96e1ab97ce403110664 -> 
  custom:audio-encoder-webm-vorbis: bf7c407c2cedff20999df2af8eb42d56 -> 
  custom:framework-win-MediaFoundation: 216162199b28c13a410421893ffa2e32 -> 
  custom:container-demuxer-ogg: 62fdf1f143b41e24485cea50d1cbac27 -> 
  custom:video-decoder-webm-vp8: 9c59270c3fd7afecdb556c50c9e8de78 -> 
  custom:audio-decoder-ogg-vorbis: bf7c407c2cedff20999df2af8eb42d56 -> 
========================================================================
Received Import Request.
  Time since last request: 292.593947 seconds.
  path: Assets/schiff/Person/NavProxyConverter.cs
  artifactKey: Guid(6f733e49d8ca00f408dd89bb8d034fbf) Importer(815301076,1909f56bfc062723c751e8b465ee728b)
Start importing Assets/schiff/Person/NavProxyConverter.cs using Guid(6f733e49d8ca00f408dd89bb8d034fbf) Importer(815301076,1909f56bfc062723c751e8b465ee728b)  -> (artifact id: '55842f33a015d850f6554057e2696ba0') in 0.011322 seconds 
========================================================================
Received Import Request.
  Time since last request: 9.711809 seconds.
  path: Assets/schiff/Person/NavSpace.cs
  artifactKey: Guid(6f733e49d8ca00f408dd89bb8d034fbf) Importer(815301076,1909f56bfc062723c751e8b465ee728b)
Start importing Assets/schiff/Person/NavSpace.cs using Guid(6f733e49d8ca00f408dd89bb8d034fbf) Importer(815301076,1909f56bfc062723c751e8b465ee728b)  -> (artifact id: 'cd3fb05caf8144e72ca23b39a56fe540') in 0.007295 seconds 
========================================================================
Received Prepare
Registering precompiled user dll's ...
Registered in 0.004020 seconds.
Begin MonoManager ReloadAssembly
Native extension for WindowsStandalone target not found
Native extension for WebGL target not found
Refreshing native plugins compatible for Editor in 0.92 ms, found 2 plugins.
Preloading 0 native plugins for Editor in 0.00 ms.
Mono: successfully reloaded assembly
- Completed reload, in  0.938 seconds
Domain Reload Profiling:
	ReloadAssembly (939ms)
		BeginReloadAssembly (118ms)
			ExecutionOrderSort (0ms)
			DisableScriptedObjects (6ms)
			BackupInstance (0ms)
			ReleaseScriptingObjects (0ms)
			CreateAndSetChildDomain (30ms)
		EndReloadAssembly (734ms)
			LoadAssemblies (74ms)
			RebuildTransferFunctionScriptingTraits (0ms)
			SetupTypeCache (159ms)
			ReleaseScriptCaches (2ms)
			RebuildScriptCaches (55ms)
			SetupLoadedEditorAssemblies (410ms)
				LogAssemblyErrors (0ms)
				InitializePlatformSupportModulesInManaged (13ms)
				SetLoadedEditorAssemblies (1ms)
				RefreshPlugins (1ms)
				BeforeProcessingInitializeOnLoad (78ms)
				ProcessInitializeOnLoadAttributes (188ms)
				ProcessInitializeOnLoadMethodAttributes (121ms)
				AfterProcessingInitializeOnLoad (8ms)
				EditorAssembliesLoaded (0ms)
			ExecutionOrderSort2 (0ms)
			AwakeInstancesAfterBackupRestoration (5ms)
Platform modules already initialized, skipping
Refreshing native plugins compatible for Editor in 4.80 ms, found 2 plugins.
Preloading 0 native plugins for Editor in 0.00 ms.
Unloading 2659 Unused Serialized files (Serialized files now loaded: 0)
Unloading 49 unused Assets / (406.8 KB). Loaded Objects now: 3225.
Memory consumption went from 130.0 MB to 129.6 MB.
Total: 6.296700 ms (FindLiveObjects: 0.254800 ms CreateObjectMapping: 0.079900 ms MarkObjects: 5.658500 ms  DeleteObjects: 0.301800 ms)

AssetImportParameters requested are different than current active one (requested -> active):
  custom:video-decoder-ogg-theora: a1e56fd34408186e4bbccfd4996cb3dc -> 
  custom:container-muxer-webm: aa71ff27fc2769a1b78a27578f13a17b -> 
  custom:container-demuxer-webm: 4f35f7cbe854078d1ac9338744f61a02 -> 
  custom:video-encoder-webm-vp8: eb34c28f22e8b96e1ab97ce403110664 -> 
  custom:audio-encoder-webm-vorbis: bf7c407c2cedff20999df2af8eb42d56 -> 
  custom:framework-win-MediaFoundation: 216162199b28c13a410421893ffa2e32 -> 
  custom:container-demuxer-ogg: 62fdf1f143b41e24485cea50d1cbac27 -> 
  custom:video-decoder-webm-vp8: 9c59270c3fd7afecdb556c50c9e8de78 -> 
  custom:audio-decoder-ogg-vorbis: bf7c407c2cedff20999df2af8eb42d56 -> 
========================================================================
Received Import Request.
  Time since last request: 104.169375 seconds.
  path: Assets/schiff/Plank/OffMeshLinkTransform.prefab
  artifactKey: Guid(1d3f86331b659aa4eb5a4dc559ee56c7) Importer(815301076,1909f56bfc062723c751e8b465ee728b)
Start importing Assets/schiff/Plank/OffMeshLinkTransform.prefab using Guid(1d3f86331b659aa4eb5a4dc559ee56c7) Importer(815301076,1909f56bfc062723c751e8b465ee728b)  -> (artifact id: '152c0920253b255e1a80fdb13bbdf15e') in 0.042232 seconds 
========================================================================
Received Import Request.
  Time since last request: 0.000019 seconds.
  path: Assets/schiff/Plank/Plank.prefab
  artifactKey: Guid(f772f39f62a6e37408dc6a0721add907) Importer(815301076,1909f56bfc062723c751e8b465ee728b)
Start importing Assets/schiff/Plank/Plank.prefab using Guid(f772f39f62a6e37408dc6a0721add907) Importer(815301076,1909f56bfc062723c751e8b465ee728b)  -> (artifact id: 'a96b184042c0220f47203e327e3305b9') in 0.246413 seconds 
========================================================================
Received Import Request.
  Time since last request: 2.883872 seconds.
  path: Assets/schiff/Plank/Plank.cs
  artifactKey: Guid(521ee1c736b654644a186fe8fed584c9) Importer(815301076,1909f56bfc062723c751e8b465ee728b)
Start importing Assets/schiff/Plank/Plank.cs using Guid(521ee1c736b654644a186fe8fed584c9) Importer(815301076,1909f56bfc062723c751e8b465ee728b)  -> (artifact id: '4e565d6babdd5a7683405c8d24637d47') in 0.003221 seconds 
========================================================================
Received Import Request.
  Time since last request: 10.568712 seconds.
  path: Assets/schiff/Plank/NavMeshLink.cs
  artifactKey: Guid(521ee1c736b654644a186fe8fed584c9) Importer(815301076,1909f56bfc062723c751e8b465ee728b)
Start importing Assets/schiff/Plank/NavMeshLink.cs using Guid(521ee1c736b654644a186fe8fed584c9) Importer(815301076,1909f56bfc062723c751e8b465ee728b)  -> (artifact id: '113e5962d09c5de5bd65361580ff8767') in 0.008602 seconds 
========================================================================
Received Import Request.
  Time since last request: 0.011915 seconds.
  path: Assets/schiff/Plank/Plank.prefab
  artifactKey: Guid(f772f39f62a6e37408dc6a0721add907) Importer(815301076,1909f56bfc062723c751e8b465ee728b)
Start importing Assets/schiff/Plank/Plank.prefab using Guid(f772f39f62a6e37408dc6a0721add907) Importer(815301076,1909f56bfc062723c751e8b465ee728b)  -> (artifact id: '33e05267ca56726ab700a483d446a246') in 0.013557 seconds 
========================================================================
Received Import Request.
  Time since last request: 86.351623 seconds.
  path: Assets/schiff/Plank/NavMeshLink.cs
  artifactKey: Guid(521ee1c736b654644a186fe8fed584c9) Importer(815301076,1909f56bfc062723c751e8b465ee728b)
Start importing Assets/schiff/Plank/NavMeshLink.cs using Guid(521ee1c736b654644a186fe8fed584c9) Importer(815301076,1909f56bfc062723c751e8b465ee728b)  -> (artifact id: '6b3fea5ad4099bfe87718210f97c44bc') in 0.003385 seconds 
========================================================================
Received Import Request.
  Time since last request: 0.013896 seconds.
  path: Assets/schiff/Plank/Plank.prefab
  artifactKey: Guid(f772f39f62a6e37408dc6a0721add907) Importer(815301076,1909f56bfc062723c751e8b465ee728b)
Start importing Assets/schiff/Plank/Plank.prefab using Guid(f772f39f62a6e37408dc6a0721add907) Importer(815301076,1909f56bfc062723c751e8b465ee728b)  -> (artifact id: '9228e6b0f7932e669be083bb3a563766') in 0.012418 seconds 
========================================================================
Received Prepare
Registering precompiled user dll's ...
Registered in 0.004129 seconds.
Begin MonoManager ReloadAssembly
Native extension for WindowsStandalone target not found
Native extension for WebGL target not found
Refreshing native plugins compatible for Editor in 0.89 ms, found 2 plugins.
Preloading 0 native plugins for Editor in 0.00 ms.
Mono: successfully reloaded assembly
- Completed reload, in  0.987 seconds
Domain Reload Profiling:
	ReloadAssembly (988ms)
		BeginReloadAssembly (125ms)
			ExecutionOrderSort (0ms)
			DisableScriptedObjects (7ms)
			BackupInstance (0ms)
			ReleaseScriptingObjects (0ms)
			CreateAndSetChildDomain (32ms)
		EndReloadAssembly (768ms)
			LoadAssemblies (78ms)
			RebuildTransferFunctionScriptingTraits (0ms)
			SetupTypeCache (167ms)
			ReleaseScriptCaches (2ms)
			RebuildScriptCaches (61ms)
			SetupLoadedEditorAssemblies (423ms)
				LogAssemblyErrors (0ms)
				InitializePlatformSupportModulesInManaged (13ms)
				SetLoadedEditorAssemblies (1ms)
				RefreshPlugins (1ms)
				BeforeProcessingInitializeOnLoad (81ms)
				ProcessInitializeOnLoadAttributes (186ms)
				ProcessInitializeOnLoadMethodAttributes (134ms)
				AfterProcessingInitializeOnLoad (7ms)
				EditorAssembliesLoaded (0ms)
			ExecutionOrderSort2 (0ms)
			AwakeInstancesAfterBackupRestoration (5ms)
Platform modules already initialized, skipping
Refreshing native plugins compatible for Editor in 5.23 ms, found 2 plugins.
Preloading 0 native plugins for Editor in 0.00 ms.
Unloading 2659 Unused Serialized files (Serialized files now loaded: 0)
Unloading 49 unused Assets / (454.0 KB). Loaded Objects now: 3228.
Memory consumption went from 130.0 MB to 129.6 MB.
Total: 6.171200 ms (FindLiveObjects: 0.275300 ms CreateObjectMapping: 0.072800 ms MarkObjects: 5.521600 ms  DeleteObjects: 0.300000 ms)

AssetImportParameters requested are different than current active one (requested -> active):
  custom:video-decoder-ogg-theora: a1e56fd34408186e4bbccfd4996cb3dc -> 
  custom:container-muxer-webm: aa71ff27fc2769a1b78a27578f13a17b -> 
  custom:container-demuxer-webm: 4f35f7cbe854078d1ac9338744f61a02 -> 
  custom:video-encoder-webm-vp8: eb34c28f22e8b96e1ab97ce403110664 -> 
  custom:audio-encoder-webm-vorbis: bf7c407c2cedff20999df2af8eb42d56 -> 
  custom:framework-win-MediaFoundation: 216162199b28c13a410421893ffa2e32 -> 
  custom:container-demuxer-ogg: 62fdf1f143b41e24485cea50d1cbac27 -> 
  custom:video-decoder-webm-vp8: 9c59270c3fd7afecdb556c50c9e8de78 -> 
  custom:audio-decoder-ogg-vorbis: bf7c407c2cedff20999df2af8eb42d56 -> 
========================================================================
Received Import Request.
  Time since last request: 136.784758 seconds.
  path: Assets/schiff/Plank/Plank.dae
  artifactKey: Guid(14d8557bf9680e4409bc0f887ed8b86d) Importer(815301076,1909f56bfc062723c751e8b465ee728b)
Start importing Assets/schiff/Plank/Plank.dae using Guid(14d8557bf9680e4409bc0f887ed8b86d) Importer(815301076,1909f56bfc062723c751e8b465ee728b)  -> (artifact id: '29e8731d6a868dc76fadfe1307f25a04') in 0.109052 seconds 
========================================================================
Received Prepare
Registering precompiled user dll's ...
Registered in 0.004903 seconds.
Begin MonoManager ReloadAssembly
Native extension for WindowsStandalone target not found
Native extension for WebGL target not found
Refreshing native plugins compatible for Editor in 0.75 ms, found 2 plugins.
Preloading 0 native plugins for Editor in 0.00 ms.
Mono: successfully reloaded assembly
- Completed reload, in  0.967 seconds
Domain Reload Profiling:
	ReloadAssembly (968ms)
		BeginReloadAssembly (120ms)
			ExecutionOrderSort (0ms)
			DisableScriptedObjects (7ms)
			BackupInstance (0ms)
			ReleaseScriptingObjects (0ms)
			CreateAndSetChildDomain (31ms)
		EndReloadAssembly (761ms)
			LoadAssemblies (76ms)
			RebuildTransferFunctionScriptingTraits (0ms)
			SetupTypeCache (164ms)
			ReleaseScriptCaches (1ms)
			RebuildScriptCaches (57ms)
			SetupLoadedEditorAssemblies (428ms)
				LogAssemblyErrors (0ms)
				InitializePlatformSupportModulesInManaged (13ms)
				SetLoadedEditorAssemblies (0ms)
				RefreshPlugins (1ms)
				BeforeProcessingInitializeOnLoad (78ms)
				ProcessInitializeOnLoadAttributes (194ms)
				ProcessInitializeOnLoadMethodAttributes (133ms)
				AfterProcessingInitializeOnLoad (8ms)
				EditorAssembliesLoaded (0ms)
			ExecutionOrderSort2 (0ms)
			AwakeInstancesAfterBackupRestoration (5ms)
Platform modules already initialized, skipping
Refreshing native plugins compatible for Editor in 6.07 ms, found 2 plugins.
Preloading 0 native plugins for Editor in 0.00 ms.
Unloading 2659 Unused Serialized files (Serialized files now loaded: 0)
Unloading 49 unused Assets / (454.4 KB). Loaded Objects now: 3231.
Memory consumption went from 130.1 MB to 129.6 MB.
Total: 6.429000 ms (FindLiveObjects: 0.241200 ms CreateObjectMapping: 0.066300 ms MarkObjects: 5.799900 ms  DeleteObjects: 0.319300 ms)

AssetImportParameters requested are different than current active one (requested -> active):
  custom:video-decoder-ogg-theora: a1e56fd34408186e4bbccfd4996cb3dc -> 
  custom:container-muxer-webm: aa71ff27fc2769a1b78a27578f13a17b -> 
  custom:container-demuxer-webm: 4f35f7cbe854078d1ac9338744f61a02 -> 
  custom:video-encoder-webm-vp8: eb34c28f22e8b96e1ab97ce403110664 -> 
  custom:audio-encoder-webm-vorbis: bf7c407c2cedff20999df2af8eb42d56 -> 
  custom:framework-win-MediaFoundation: 216162199b28c13a410421893ffa2e32 -> 
  custom:container-demuxer-ogg: 62fdf1f143b41e24485cea50d1cbac27 -> 
  custom:video-decoder-webm-vp8: 9c59270c3fd7afecdb556c50c9e8de78 -> 
  custom:audio-decoder-ogg-vorbis: bf7c407c2cedff20999df2af8eb42d56 -> 
========================================================================
Received Import Request.
  Time since last request: 74.052113 seconds.
  path: Assets/schiff/Plank/Materials/Color_005.mat
  artifactKey: Guid(1c771861c5d2501408ccbff98df3c529) Importer(815301076,1909f56bfc062723c751e8b465ee728b)
Start importing Assets/schiff/Plank/Materials/Color_005.mat using Guid(1c771861c5d2501408ccbff98df3c529) Importer(815301076,1909f56bfc062723c751e8b465ee728b)  -> (artifact id: '50583bb22e52819331822b6ab32269c0') in 0.078803 seconds 
========================================================================
Received Import Request.
  Time since last request: 0.000018 seconds.
  path: Assets/schiff/Plank/Materials/Color_005_0.mat
  artifactKey: Guid(2685eecf3064e9746858ec1e3c0eee6a) Importer(815301076,1909f56bfc062723c751e8b465ee728b)
Start importing Assets/schiff/Plank/Materials/Color_005_0.mat using Guid(2685eecf3064e9746858ec1e3c0eee6a) Importer(815301076,1909f56bfc062723c751e8b465ee728b)  -> (artifact id: 'c1394ccba593b5d7e45106aeebf35aa0') in 0.018424 seconds 
========================================================================
Received Import Request.
  Time since last request: 0.506988 seconds.
  path: Assets/schiff/Plank/MergedMeshes/Plank.asset
  artifactKey: Guid(42cda97be640b744c8b179ed67d6bdcc) Importer(815301076,1909f56bfc062723c751e8b465ee728b)
Start importing Assets/schiff/Plank/MergedMeshes/Plank.asset using Guid(42cda97be640b744c8b179ed67d6bdcc) Importer(815301076,1909f56bfc062723c751e8b465ee728b)  -> (artifact id: '74ae0141f41b4b1a4e4121bb703e331d') in 0.020786 seconds 
========================================================================
Received Import Request.
  Time since last request: 1.101832 seconds.
  path: Assets/schiff/Plank/Plank/Color_005.jpg
  artifactKey: Guid(a362b1e2c2157354099af45b777f7e06) Importer(815301076,1909f56bfc062723c751e8b465ee728b)
Start importing Assets/schiff/Plank/Plank/Color_005.jpg using Guid(a362b1e2c2157354099af45b777f7e06) Importer(815301076,1909f56bfc062723c751e8b465ee728b)  -> (artifact id: 'd2e2e47d07c4e841c5abd06d38216318') in 0.026115 seconds 
========================================================================
Received Import Request.
  Time since last request: 59.309686 seconds.
  path: Assets/schiff/AI/NPC.prefab
  artifactKey: Guid(b30683a206ca83f429b1ae32155602df) Importer(815301076,1909f56bfc062723c751e8b465ee728b)
Start importing Assets/schiff/AI/NPC.prefab using Guid(b30683a206ca83f429b1ae32155602df) Importer(815301076,1909f56bfc062723c751e8b465ee728b)  -> (artifact id: '72a2eafe375cd2880ad68714c46dba1d') in 0.108342 seconds 
========================================================================
Received Import Request.
  Time since last request: 9.031710 seconds.
  path: Assets/schiff/ship/80079__benboncan__cotton-flapping.wav
  artifactKey: Guid(4eb8c0c9f5453d94b892a3d4dffa71d7) Importer(815301076,1909f56bfc062723c751e8b465ee728b)
Start importing Assets/schiff/ship/80079__benboncan__cotton-flapping.wav using Guid(4eb8c0c9f5453d94b892a3d4dffa71d7) Importer(815301076,1909f56bfc062723c751e8b465ee728b)  -> (artifact id: '99da3ccf9bcec943b67016cdb249ac43') in 0.063154 seconds 
========================================================================
Received Import Request.
  Time since last request: 0.000018 seconds.
  path: Assets/schiff/ship/ship.skp
  artifactKey: Guid(a005fa152134cf045a1507d232a1297c) Importer(815301076,1909f56bfc062723c751e8b465ee728b)
Start importing Assets/schiff/ship/ship.skp using Guid(a005fa152134cf045a1507d232a1297c) Importer(815301076,1909f56bfc062723c751e8b465ee728b)  -> (artifact id: '1b3eb8f2f3d929fa21b9c469247f9e91') in 0.631869 seconds 
========================================================================
Received Import Request.
  Time since last request: 0.000024 seconds.
  path: Assets/schiff/sword/240788__f4ngy__knife-hitting-wood.wav
  artifactKey: Guid(f92a173f57178234490b3ed76a8c4ade) Importer(815301076,1909f56bfc062723c751e8b465ee728b)
Start importing Assets/schiff/sword/240788__f4ngy__knife-hitting-wood.wav using Guid(f92a173f57178234490b3ed76a8c4ade) Importer(815301076,1909f56bfc062723c751e8b465ee728b)  -> (artifact id: 'ecded81ea49d7616cef83b40e7aa2eee') in 0.020213 seconds 
========================================================================
Received Import Request.
  Time since last request: 0.000027 seconds.
  path: Assets/schiff/sword/sword.skp
  artifactKey: Guid(af0e7cfc9a8724542b4c8b1b922258b4) Importer(815301076,1909f56bfc062723c751e8b465ee728b)
Start importing Assets/schiff/sword/sword.skp using Guid(af0e7cfc9a8724542b4c8b1b922258b4) Importer(815301076,1909f56bfc062723c751e8b465ee728b)  -> (artifact id: '6c496b29c669f645a343c753d9b3e8c0') in 0.141617 seconds 
========================================================================
Received Import Request.
  Time since last request: 45.215218 seconds.
  path: Assets/schiff/ship/Textures/Fencing_Lattice_Natural.png
  artifactKey: Guid(e80a14504f07d164b80fedefbcaccc2d) Importer(815301076,1909f56bfc062723c751e8b465ee728b)
Start importing Assets/schiff/ship/Textures/Fencing_Lattice_Natural.png using Guid(e80a14504f07d164b80fedefbcaccc2d) Importer(815301076,1909f56bfc062723c751e8b465ee728b)  -> (artifact id: '27a068ed59f33b7869a9dc2e0aa69977') in 0.019876 seconds 
========================================================================
Received Import Request.
  Time since last request: 0.000036 seconds.
  path: Assets/schiff/ship/Textures/Wood_Floor_tint0x23180EFF.jpg
  artifactKey: Guid(18fef4d80f0591c4cb69294df7ebc3d1) Importer(815301076,1909f56bfc062723c751e8b465ee728b)
Start importing Assets/schiff/ship/Textures/Wood_Floor_tint0x23180EFF.jpg using Guid(18fef4d80f0591c4cb69294df7ebc3d1) Importer(815301076,1909f56bfc062723c751e8b465ee728b)  -> (artifact id: 'e6e52bbd450b9b39f589ab948b903969') in 0.028198 seconds 
========================================================================
Received Import Request.
  Time since last request: 0.000022 seconds.
  path: Assets/schiff/ship/Textures/Translucent_Glass_Tinted_tint0x59440BFF.jpg
  artifactKey: Guid(1a2be82bd0a661042a22e195d5e63510) Importer(815301076,1909f56bfc062723c751e8b465ee728b)
Start importing Assets/schiff/ship/Textures/Translucent_Glass_Tinted_tint0x59440BFF.jpg using Guid(1a2be82bd0a661042a22e195d5e63510) Importer(815301076,1909f56bfc062723c751e8b465ee728b)  -> (artifact id: '0cb9f7d8a35407d206aac0a12ec0fb81') in 0.030950 seconds 
========================================================================
Received Import Request.
  Time since last request: 0.000027 seconds.
  path: Assets/schiff/ship/Textures/Wood_Cherry.jpg
  artifactKey: Guid(719c3ca49e2b89d4d9633171a03f8caa) Importer(815301076,1909f56bfc062723c751e8b465ee728b)
Start importing Assets/schiff/ship/Textures/Wood_Cherry.jpg using Guid(719c3ca49e2b89d4d9633171a03f8caa) Importer(815301076,1909f56bfc062723c751e8b465ee728b)  -> (artifact id: 'c840b8c86ff91434bb880a5e5a4837bc') in 0.022779 seconds 
========================================================================
Received Import Request.
  Time since last request: 0.000040 seconds.
  path: Assets/schiff/ship/Textures/Wood_Cherry_tint0x0F0807FF.jpg
  artifactKey: Guid(243611f9779f4ba43b67769974551cd8) Importer(815301076,1909f56bfc062723c751e8b465ee728b)
Start importing Assets/schiff/ship/Textures/Wood_Cherry_tint0x0F0807FF.jpg using Guid(243611f9779f4ba43b67769974551cd8) Importer(815301076,1909f56bfc062723c751e8b465ee728b)  -> (artifact id: '9fb6aa9d031383fd19638a98e4ec1e86') in 0.026502 seconds 
========================================================================
Received Import Request.
  Time since last request: 4.683795 seconds.
  path: Assets/schiff/ship/Materials/ship-[Buff].mat
  artifactKey: Guid(736e9800f26a895418565fb67e1e94c5) Importer(815301076,1909f56bfc062723c751e8b465ee728b)
Start importing Assets/schiff/ship/Materials/ship-[Buff].mat using Guid(736e9800f26a895418565fb67e1e94c5) Importer(815301076,1909f56bfc062723c751e8b465ee728b)  -> (artifact id: 'd6b44b78df1a81c31af8defbb86d8e8f') in 0.018064 seconds 
========================================================================
Received Import Request.
  Time since last request: 0.000026 seconds.
  path: Assets/schiff/ship/Materials/ship-[CoolGray1].mat
  artifactKey: Guid(39031f76362d99f47a3fb399f458a1af) Importer(815301076,1909f56bfc062723c751e8b465ee728b)
Start importing Assets/schiff/ship/Materials/ship-[CoolGray1].mat using Guid(39031f76362d99f47a3fb399f458a1af) Importer(815301076,1909f56bfc062723c751e8b465ee728b)  -> (artifact id: 'a521cde4453068a15c27738363cecc26') in 0.021979 seconds 
========================================================================
Received Import Request.
  Time since last request: 0.000020 seconds.
  path: Assets/schiff/ship/Materials/ship-_4.mat
  artifactKey: Guid(6c1c6161de5d9904ebcbe4553473de00) Importer(815301076,1909f56bfc062723c751e8b465ee728b)
Start importing Assets/schiff/ship/Materials/ship-_4.mat using Guid(6c1c6161de5d9904ebcbe4553473de00) Importer(815301076,1909f56bfc062723c751e8b465ee728b)  -> (artifact id: 'd5aa3412fb988f5a20bf284f2b336c8e') in 0.022105 seconds 
========================================================================
Received Import Request.
  Time since last request: 0.000033 seconds.
  path: Assets/schiff/ship/Materials/ship-[Wood_ Floor].mat
  artifactKey: Guid(b929eab97e5dc5e44a882b13e8a4157d) Importer(815301076,1909f56bfc062723c751e8b465ee728b)
Start importing Assets/schiff/ship/Materials/ship-[Wood_ Floor].mat using Guid(b929eab97e5dc5e44a882b13e8a4157d) Importer(815301076,1909f56bfc062723c751e8b465ee728b)  -> (artifact id: '12f790b34f5aeb1f192dcad5877d103b') in 0.020525 seconds 
========================================================================
Received Import Request.
  Time since last request: 0.021933 seconds.
  path: Assets/schiff/ship/Materials/ship-Wood_ Floor.mat
  artifactKey: Guid(76e6782055dc5714396fd6d8aa86cbd4) Importer(815301076,1909f56bfc062723c751e8b465ee728b)
Start importing Assets/schiff/ship/Materials/ship-Wood_ Floor.mat using Guid(76e6782055dc5714396fd6d8aa86cbd4) Importer(815301076,1909f56bfc062723c751e8b465ee728b)  -> (artifact id: '8d5932beb0b8a43ad17f5990024ea8a1') in 0.018478 seconds 
Editor requested this worker to shutdown with reason: Scaling down because of idle timeout
AssetImportWorker is now disconnected from the server
Process exiting
Exiting without the bug reporter. Application will terminate with return code 0